<?xml version="1.0" encoding="UTF-8"?>
<testsuites name="jest tests" tests="8" failures="0" errors="0" time="1.834">
  <testsuite name="AppModule" errors="0" failures="0" skipped="0" timestamp="2025-06-08T12:43:20" time="1.645" tests="3">
    <testcase classname="AppModule should be defined" name="AppModule should be defined" time="0.006">
    </testcase>
    <testcase classname="AppModule should have ConfigService available" name="AppModule should have ConfigService available" time="0.002">
    </testcase>
    <testcase classname="AppModule should have environment variables set" name="AppModule should have environment variables set" time="0.001">
    </testcase>
  </testsuite>
  <testsuite name="AuthService" errors="0" failures="0" skipped="0" timestamp="2025-06-08T12:43:20" time="1.709" tests="5">
    <testcase classname="AuthService should be defined" name="AuthService should be defined" time="0.005">
    </testcase>
    <testcase classname="AuthService signUp should create a new user and return a token" name="AuthService signUp should create a new user and return a token" time="0.002">
    </testcase>
    <testcase classname="AuthService signIn should return a token for valid credentials" name="AuthService signIn should return a token for valid credentials" time="0.001">
    </testcase>
    <testcase classname="AuthService signIn should throw UnauthorizedException for invalid credentials" name="AuthService signIn should throw UnauthorizedException for invalid credentials" time="0.004">
    </testcase>
    <testcase classname="AuthService signIn should throw UnauthorizedException when user is not found" name="AuthService signIn should throw UnauthorizedException when user is not found" time="0.001">
    </testcase>
  </testsuite>
</testsuites>