{
  "/Users/vladislavuskiv/Desktop/University/DevOps/test_repo/src/app.module.ts": {
    "path": "/Users/vladislavuskiv/Desktop/University/DevOps/test_repo/src/app.module.ts",
    "statementMap": {
      "0": {
        "start": { "line": 1, "column": 0 },
        "end": { "line": 1, "column": 48 }
      },
      "1": {
        "start": { "line": 2, "column": 0 },
        "end": { "line": 2, "column": 63 }
      },
      "2": {
        "start": { "line": 3, "column": 0 },
        "end": { "line": 3, "column": 48 }
      },
      "3": {
        "start": { "line": 4, "column": 0 },
        "end": { "line": 4, "column": 60 }
      },
      "4": {
        "start": { "line": 5, "column": 0 },
        "end": { "line": 5, "column": 52 }
      },
      "5": {
        "start": { "line": 6, "column": 0 },
        "end": { "line": 6, "column": 61 }
      },
      "6": {
        "start": { "line": 7, "column": 0 },
        "end": { "line": 7, "column": 54 }
      },
      "7": {
        "start": { "line": 8, "column": 0 },
        "end": { "line": 8, "column": 51 }
      },
      "8": {
        "start": { "line": 9, "column": 0 },
        "end": { "line": 9, "column": 48 }
      },
      "9": {
        "start": { "line": 10, "column": 0 },
        "end": { "line": 10, "column": 82 }
      },
      "10": {
        "start": { "line": 11, "column": 0 },
        "end": { "line": 11, "column": 45 }
      },
      "11": {
        "start": { "line": 13, "column": 23 },
        "end": { "line": 13, "column": 45 }
      },
      "12": {
        "start": { "line": 41, "column": 7 },
        "end": { "line": 41, "column": null }
      },
      "13": {
        "start": { "line": 41, "column": 13 },
        "end": { "line": 41, "column": 22 }
      },
      "14": {
        "start": { "line": 41, "column": 13 },
        "end": { "line": 41, "column": null }
      },
      "15": {
        "start": { "line": 19, "column": 74 },
        "end": { "line": 30, "column": 8 }
      },
      "16": {
        "start": { "line": 29, "column": 30 },
        "end": { "line": 29, "column": 59 }
      }
    },
    "fnMap": {
      "0": {
        "name": "(anonymous_1)",
        "decl": {
          "start": { "line": 19, "column": 18 },
          "end": { "line": 19, "column": 19 }
        },
        "loc": {
          "start": { "line": 19, "column": 74 },
          "end": { "line": 30, "column": 8 }
        }
      },
      "1": {
        "name": "(anonymous_2)",
        "decl": {
          "start": { "line": 29, "column": 17 },
          "end": { "line": 29, "column": 18 }
        },
        "loc": {
          "start": { "line": 29, "column": 30 },
          "end": { "line": 29, "column": 59 }
        }
      }
    },
    "branchMap": {},
    "s": {
      "0": 1,
      "1": 1,
      "2": 1,
      "3": 1,
      "4": 1,
      "5": 1,
      "6": 1,
      "7": 1,
      "8": 1,
      "9": 1,
      "10": 1,
      "11": 1,
      "12": 1,
      "13": 1,
      "14": 1,
      "15": 0,
      "16": 0
    },
    "f": { "0": 0, "1": 0 },
    "b": {}
  },
  "/Users/vladislavuskiv/Desktop/University/DevOps/test_repo/src/main.ts": {
    "path": "/Users/vladislavuskiv/Desktop/University/DevOps/test_repo/src/main.ts",
    "statementMap": {
      "0": {
        "start": { "line": 1, "column": 0 },
        "end": { "line": 1, "column": 31 }
      },
      "1": {
        "start": { "line": 2, "column": 0 },
        "end": { "line": 2, "column": 56 }
      },
      "2": {
        "start": { "line": 3, "column": 0 },
        "end": { "line": 3, "column": 43 }
      },
      "3": {
        "start": { "line": 4, "column": 0 },
        "end": { "line": 4, "column": 65 }
      },
      "4": {
        "start": { "line": 5, "column": 0 },
        "end": { "line": 5, "column": 46 }
      },
      "5": {
        "start": { "line": 6, "column": 0 },
        "end": { "line": 6, "column": 41 }
      },
      "6": {
        "start": { "line": 7, "column": 0 },
        "end": { "line": 7, "column": 28 }
      },
      "7": {
        "start": { "line": 8, "column": 0 },
        "end": { "line": 8, "column": 47 }
      },
      "8": {
        "start": { "line": 9, "column": 0 },
        "end": { "line": 9, "column": 57 }
      },
      "9": {
        "start": { "line": 10, "column": 0 },
        "end": { "line": 10, "column": 69 }
      },
      "10": {
        "start": { "line": 12, "column": 15 },
        "end": { "line": 12, "column": 32 }
      },
      "11": {
        "start": { "line": 14, "column": 18 },
        "end": { "line": 58, "column": 1 }
      },
      "12": {
        "start": { "line": 15, "column": 14 },
        "end": { "line": 15, "column": 49 }
      },
      "13": {
        "start": { "line": 17, "column": 17 },
        "end": { "line": 17, "column": 67 }
      },
      "14": {
        "start": { "line": 19, "column": 2 },
        "end": { "line": 19, "column": 19 }
      },
      "15": {
        "start": { "line": 20, "column": 2 },
        "end": { "line": 20, "column": 26 }
      },
      "16": {
        "start": { "line": 21, "column": 2 },
        "end": { "line": 25, "column": 4 }
      },
      "17": {
        "start": { "line": 27, "column": 2 },
        "end": { "line": 36, "column": 4 }
      },
      "18": {
        "start": { "line": 38, "column": 2 },
        "end": { "line": 38, "column": 41 }
      },
      "19": {
        "start": { "line": 40, "column": 14 },
        "end": { "line": 40, "column": 53 }
      },
      "20": {
        "start": { "line": 42, "column": 2 },
        "end": { "line": 52, "column": 3 }
      },
      "21": {
        "start": { "line": 43, "column": 26 },
        "end": { "line": 47, "column": 14 }
      },
      "22": {
        "start": { "line": 48, "column": 21 },
        "end": { "line": 50, "column": 6 }
      },
      "23": {
        "start": { "line": 51, "column": 4 },
        "end": { "line": 51, "column": 57 }
      },
      "24": {
        "start": { "line": 54, "column": 18 },
        "end": { "line": 54, "column": 57 }
      },
      "25": {
        "start": { "line": 55, "column": 2 },
        "end": { "line": 57, "column": 4 }
      },
      "26": {
        "start": { "line": 56, "column": 4 },
        "end": { "line": 56, "column": 64 }
      },
      "27": {
        "start": { "line": 60, "column": 0 },
        "end": { "line": 60, "column": 46 }
      },
      "28": {
        "start": { "line": 60, "column": 27 },
        "end": { "line": 60, "column": 44 }
      }
    },
    "fnMap": {
      "0": {
        "name": "(anonymous_0)",
        "decl": {
          "start": { "line": 14, "column": 18 },
          "end": { "line": 14, "column": 23 }
        },
        "loc": {
          "start": { "line": 14, "column": 29 },
          "end": { "line": 58, "column": 1 }
        }
      },
      "1": {
        "name": "(anonymous_1)",
        "decl": {
          "start": { "line": 55, "column": 28 },
          "end": { "line": 55, "column": 31 }
        },
        "loc": {
          "start": { "line": 56, "column": 4 },
          "end": { "line": 56, "column": 64 }
        }
      },
      "2": {
        "name": "(anonymous_2)",
        "decl": {
          "start": { "line": 60, "column": 18 },
          "end": { "line": 60, "column": 19 }
        },
        "loc": {
          "start": { "line": 60, "column": 27 },
          "end": { "line": 60, "column": 44 }
        }
      }
    },
    "branchMap": {
      "0": {
        "loc": {
          "start": { "line": 42, "column": 2 },
          "end": { "line": 52, "column": 3 }
        },
        "type": "if",
        "locations": [
          {
            "start": { "line": 42, "column": 2 },
            "end": { "line": 52, "column": 3 }
          }
        ]
      }
    },
    "s": {
      "0": 0,
      "1": 0,
      "2": 0,
      "3": 0,
      "4": 0,
      "5": 0,
      "6": 0,
      "7": 0,
      "8": 0,
      "9": 0,
      "10": 0,
      "11": 0,
      "12": 0,
      "13": 0,
      "14": 0,
      "15": 0,
      "16": 0,
      "17": 0,
      "18": 0,
      "19": 0,
      "20": 0,
      "21": 0,
      "22": 0,
      "23": 0,
      "24": 0,
      "25": 0,
      "26": 0,
      "27": 0,
      "28": 0
    },
    "f": { "0": 0, "1": 0, "2": 0 },
    "b": { "0": [0] }
  },
  "/Users/vladislavuskiv/Desktop/University/DevOps/test_repo/src/auth/auth.controller.ts": {
    "path": "/Users/vladislavuskiv/Desktop/University/DevOps/test_repo/src/auth/auth.controller.ts",
    "statementMap": {
      "0": {
        "start": { "line": 1, "column": 0 },
        "end": { "line": 1, "column": null }
      },
      "1": {
        "start": { "line": 11, "column": 0 },
        "end": { "line": 11, "column": null }
      },
      "2": {
        "start": { "line": 17, "column": 0 },
        "end": { "line": 17, "column": 50 }
      },
      "3": {
        "start": { "line": 18, "column": 0 },
        "end": { "line": 18, "column": 51 }
      },
      "4": {
        "start": { "line": 20, "column": 0 },
        "end": { "line": 20, "column": 46 }
      },
      "5": {
        "start": { "line": 21, "column": 0 },
        "end": { "line": 21, "column": 51 }
      },
      "6": {
        "start": { "line": 27, "column": 7 },
        "end": { "line": 71, "column": null }
      },
      "7": {
        "start": { "line": 28, "column": 31 },
        "end": { "line": 28, "column": 44 }
      },
      "8": {
        "start": { "line": 40, "column": 4 },
        "end": { "line": 40, "column": 52 }
      },
      "9": {
        "start": { "line": 51, "column": 4 },
        "end": { "line": 51, "column": 52 }
      },
      "10": {
        "start": { "line": 63, "column": 17 },
        "end": { "line": 63, "column": 33 }
      },
      "11": {
        "start": { "line": 65, "column": 4 },
        "end": { "line": 69, "column": 6 }
      },
      "12": {
        "start": { "line": 27, "column": 13 },
        "end": { "line": 27, "column": 27 }
      },
      "13": {
        "start": { "line": 39, "column": 15 },
        "end": { "line": 41, "column": null }
      },
      "14": {
        "start": { "line": 50, "column": 15 },
        "end": { "line": 52, "column": null }
      },
      "15": {
        "start": { "line": 62, "column": 15 },
        "end": { "line": 70, "column": null }
      },
      "16": {
        "start": { "line": 27, "column": 13 },
        "end": { "line": 71, "column": null }
      }
    },
    "fnMap": {
      "0": {
        "name": "(anonymous_4)",
        "decl": {
          "start": { "line": 28, "column": 2 },
          "end": { "line": 28, "column": 31 }
        },
        "loc": {
          "start": { "line": 28, "column": 55 },
          "end": { "line": 28, "column": 59 }
        }
      },
      "1": {
        "name": "(anonymous_5)",
        "decl": {
          "start": { "line": 39, "column": 9 },
          "end": { "line": 39, "column": 14 }
        },
        "loc": {
          "start": { "line": 39, "column": 50 },
          "end": { "line": 41, "column": 3 }
        }
      },
      "2": {
        "name": "(anonymous_6)",
        "decl": {
          "start": { "line": 50, "column": 9 },
          "end": { "line": 50, "column": 14 }
        },
        "loc": {
          "start": { "line": 50, "column": 50 },
          "end": { "line": 52, "column": 3 }
        }
      },
      "3": {
        "name": "(anonymous_7)",
        "decl": {
          "start": { "line": 62, "column": 9 },
          "end": { "line": 62, "column": 14 }
        },
        "loc": {
          "start": { "line": 62, "column": 38 },
          "end": { "line": 70, "column": 3 }
        }
      }
    },
    "branchMap": {},
    "s": {
      "0": 0,
      "1": 0,
      "2": 0,
      "3": 0,
      "4": 0,
      "5": 0,
      "6": 0,
      "7": 0,
      "8": 0,
      "9": 0,
      "10": 0,
      "11": 0,
      "12": 0,
      "13": 0,
      "14": 0,
      "15": 0,
      "16": 0
    },
    "f": { "0": 0, "1": 0, "2": 0, "3": 0 },
    "b": {}
  },
  "/Users/vladislavuskiv/Desktop/University/DevOps/test_repo/src/auth/auth.guard.ts": {
    "path": "/Users/vladislavuskiv/Desktop/University/DevOps/test_repo/src/auth/auth.guard.ts",
    "statementMap": {
      "0": {
        "start": { "line": 1, "column": 0 },
        "end": { "line": 1, "column": null }
      },
      "1": {
        "start": { "line": 7, "column": 0 },
        "end": { "line": 7, "column": 41 }
      },
      "2": {
        "start": { "line": 8, "column": 0 },
        "end": { "line": 8, "column": 47 }
      },
      "3": {
        "start": { "line": 10, "column": 0 },
        "end": { "line": 10, "column": 53 }
      },
      "4": {
        "start": { "line": 14, "column": 7 },
        "end": { "line": 53, "column": null }
      },
      "5": {
        "start": { "line": 16, "column": 21 },
        "end": { "line": 16, "column": 33 }
      },
      "6": {
        "start": { "line": 17, "column": 21 },
        "end": { "line": 17, "column": 35 }
      },
      "7": {
        "start": { "line": 18, "column": 21 },
        "end": { "line": 18, "column": 29 }
      },
      "8": {
        "start": { "line": 22, "column": 20 },
        "end": { "line": 22, "column": 55 }
      },
      "9": {
        "start": { "line": 23, "column": 18 },
        "end": { "line": 23, "column": 54 }
      },
      "10": {
        "start": { "line": 25, "column": 4 },
        "end": { "line": 25, "column": 70 }
      },
      "11": {
        "start": { "line": 25, "column": 16 },
        "end": { "line": 25, "column": 70 }
      },
      "12": {
        "start": { "line": 29, "column": 4 },
        "end": { "line": 35, "column": 5 }
      },
      "13": {
        "start": { "line": 30, "column": 6 },
        "end": { "line": 32, "column": 9 }
      },
      "14": {
        "start": { "line": 34, "column": 6 },
        "end": { "line": 34, "column": 58 }
      },
      "15": {
        "start": { "line": 37, "column": 4 },
        "end": { "line": 38, "column": 60 }
      },
      "16": {
        "start": { "line": 38, "column": 6 },
        "end": { "line": 38, "column": 60 }
      },
      "17": {
        "start": { "line": 40, "column": 17 },
        "end": { "line": 40, "column": 65 }
      },
      "18": {
        "start": { "line": 42, "column": 4 },
        "end": { "line": 42, "column": 70 }
      },
      "19": {
        "start": { "line": 42, "column": 15 },
        "end": { "line": 42, "column": 70 }
      },
      "20": {
        "start": { "line": 44, "column": 4 },
        "end": { "line": 44, "column": 27 }
      },
      "21": {
        "start": { "line": 46, "column": 4 },
        "end": { "line": 46, "column": 16 }
      },
      "22": {
        "start": { "line": 50, "column": 26 },
        "end": { "line": 50, "column": 73 }
      },
      "23": {
        "start": { "line": 51, "column": 4 },
        "end": { "line": 51, "column": 49 }
      },
      "24": {
        "start": { "line": 14, "column": 13 },
        "end": { "line": 14, "column": 22 }
      },
      "25": {
        "start": { "line": 14, "column": 13 },
        "end": { "line": 53, "column": null }
      }
    },
    "fnMap": {
      "0": {
        "name": "(anonymous_2)",
        "decl": {
          "start": { "line": 15, "column": 2 },
          "end": { "line": 15, "column": null }
        },
        "loc": {
          "start": { "line": 18, "column": 70 },
          "end": { "line": 19, "column": 6 }
        }
      },
      "1": {
        "name": "(anonymous_3)",
        "decl": {
          "start": { "line": 21, "column": 2 },
          "end": { "line": 21, "column": 7 }
        },
        "loc": {
          "start": { "line": 21, "column": 45 },
          "end": { "line": 47, "column": 3 }
        }
      },
      "2": {
        "name": "(anonymous_4)",
        "decl": {
          "start": { "line": 49, "column": 10 },
          "end": { "line": 49, "column": 32 }
        },
        "loc": {
          "start": { "line": 49, "column": 49 },
          "end": { "line": 52, "column": 3 }
        }
      }
    },
    "branchMap": {
      "0": {
        "loc": {
          "start": { "line": 25, "column": 4 },
          "end": { "line": 25, "column": 70 }
        },
        "type": "if",
        "locations": [
          {
            "start": { "line": 25, "column": 4 },
            "end": { "line": 25, "column": 70 }
          }
        ]
      },
      "1": {
        "loc": {
          "start": { "line": 37, "column": 4 },
          "end": { "line": 38, "column": 60 }
        },
        "type": "if",
        "locations": [
          {
            "start": { "line": 37, "column": 4 },
            "end": { "line": 38, "column": 60 }
          }
        ]
      },
      "2": {
        "loc": {
          "start": { "line": 37, "column": 8 },
          "end": { "line": 37, "column": 35 }
        },
        "type": "binary-expr",
        "locations": [
          {
            "start": { "line": 37, "column": 8 },
            "end": { "line": 37, "column": 16 }
          },
          {
            "start": { "line": 37, "column": 20 },
            "end": { "line": 37, "column": 35 }
          }
        ]
      },
      "3": {
        "loc": {
          "start": { "line": 42, "column": 4 },
          "end": { "line": 42, "column": 70 }
        },
        "type": "if",
        "locations": [
          {
            "start": { "line": 42, "column": 4 },
            "end": { "line": 42, "column": 70 }
          }
        ]
      },
      "4": {
        "loc": {
          "start": { "line": 50, "column": 26 },
          "end": { "line": 50, "column": 73 }
        },
        "type": "binary-expr",
        "locations": [
          {
            "start": { "line": 50, "column": 26 },
            "end": { "line": 50, "column": 67 }
          },
          {
            "start": { "line": 50, "column": 71 },
            "end": { "line": 50, "column": 73 }
          }
        ]
      },
      "5": {
        "loc": {
          "start": { "line": 51, "column": 11 },
          "end": { "line": 51, "column": 48 }
        },
        "type": "cond-expr",
        "locations": [
          {
            "start": { "line": 51, "column": 31 },
            "end": { "line": 51, "column": 36 }
          },
          {
            "start": { "line": 51, "column": 39 },
            "end": { "line": 51, "column": 48 }
          }
        ]
      }
    },
    "s": {
      "0": 0,
      "1": 0,
      "2": 0,
      "3": 0,
      "4": 0,
      "5": 0,
      "6": 0,
      "7": 0,
      "8": 0,
      "9": 0,
      "10": 0,
      "11": 0,
      "12": 0,
      "13": 0,
      "14": 0,
      "15": 0,
      "16": 0,
      "17": 0,
      "18": 0,
      "19": 0,
      "20": 0,
      "21": 0,
      "22": 0,
      "23": 0,
      "24": 0,
      "25": 0
    },
    "f": { "0": 0, "1": 0, "2": 0 },
    "b": { "0": [0], "1": [0], "2": [0, 0], "3": [0], "4": [0, 0], "5": [0, 0] }
  },
  "/Users/vladislavuskiv/Desktop/University/DevOps/test_repo/src/auth/auth.module.ts": {
    "path": "/Users/vladislavuskiv/Desktop/University/DevOps/test_repo/src/auth/auth.module.ts",
    "statementMap": {
      "0": {
        "start": { "line": 1, "column": 0 },
        "end": { "line": 1, "column": 40 }
      },
      "1": {
        "start": { "line": 2, "column": 0 },
        "end": { "line": 2, "column": 45 }
      },
      "2": {
        "start": { "line": 3, "column": 0 },
        "end": { "line": 3, "column": 56 }
      },
      "3": {
        "start": { "line": 4, "column": 0 },
        "end": { "line": 4, "column": 40 }
      },
      "4": {
        "start": { "line": 5, "column": 0 },
        "end": { "line": 5, "column": 61 }
      },
      "5": {
        "start": { "line": 25, "column": 7 },
        "end": { "line": 25, "column": null }
      },
      "6": {
        "start": { "line": 25, "column": 13 },
        "end": { "line": 25, "column": 23 }
      },
      "7": {
        "start": { "line": 25, "column": 13 },
        "end": { "line": 25, "column": null }
      },
      "8": {
        "start": { "line": 15, "column": 74 },
        "end": { "line": 20, "column": 8 }
      }
    },
    "fnMap": {
      "0": {
        "name": "(anonymous_1)",
        "decl": {
          "start": { "line": 15, "column": 18 },
          "end": { "line": 15, "column": 19 }
        },
        "loc": {
          "start": { "line": 15, "column": 74 },
          "end": { "line": 20, "column": 8 }
        }
      }
    },
    "branchMap": {},
    "s": {
      "0": 0,
      "1": 0,
      "2": 0,
      "3": 0,
      "4": 0,
      "5": 0,
      "6": 0,
      "7": 0,
      "8": 0
    },
    "f": { "0": 0 },
    "b": {}
  },
  "/Users/vladislavuskiv/Desktop/University/DevOps/test_repo/src/auth/auth.service.ts": {
    "path": "/Users/vladislavuskiv/Desktop/University/DevOps/test_repo/src/auth/auth.service.ts",
    "statementMap": {
      "0": {
        "start": { "line": 1, "column": 0 },
        "end": { "line": 1, "column": 67 }
      },
      "1": {
        "start": { "line": 3, "column": 0 },
        "end": { "line": 3, "column": 53 }
      },
      "2": {
        "start": { "line": 5, "column": 0 },
        "end": { "line": 5, "column": 41 }
      },
      "3": {
        "start": { "line": 10, "column": 7 },
        "end": { "line": 36, "column": null }
      },
      "4": {
        "start": { "line": 12, "column": 21 },
        "end": { "line": 12, "column": 35 }
      },
      "5": {
        "start": { "line": 13, "column": 21 },
        "end": { "line": 13, "column": 33 }
      },
      "6": {
        "start": { "line": 17, "column": 17 },
        "end": { "line": 17, "column": 53 }
      },
      "7": {
        "start": { "line": 18, "column": 4 },
        "end": { "line": 18, "column": 42 }
      },
      "8": {
        "start": { "line": 22, "column": 17 },
        "end": { "line": 22, "column": 64 }
      },
      "9": {
        "start": { "line": 24, "column": 4 },
        "end": { "line": 24, "column": 79 }
      },
      "10": {
        "start": { "line": 24, "column": 15 },
        "end": { "line": 24, "column": 79 }
      },
      "11": {
        "start": { "line": 26, "column": 4 },
        "end": { "line": 27, "column": 70 }
      },
      "12": {
        "start": { "line": 27, "column": 6 },
        "end": { "line": 27, "column": 70 }
      },
      "13": {
        "start": { "line": 29, "column": 4 },
        "end": { "line": 29, "column": 42 }
      },
      "14": {
        "start": { "line": 33, "column": 24 },
        "end": { "line": 33, "column": 76 }
      },
      "15": {
        "start": { "line": 34, "column": 4 },
        "end": { "line": 34, "column": 27 }
      },
      "16": {
        "start": { "line": 10, "column": 13 },
        "end": { "line": 10, "column": 24 }
      },
      "17": {
        "start": { "line": 10, "column": 13 },
        "end": { "line": 36, "column": null }
      }
    },
    "fnMap": {
      "0": {
        "name": "(anonymous_2)",
        "decl": {
          "start": { "line": 11, "column": 2 },
          "end": { "line": 11, "column": null }
        },
        "loc": {
          "start": { "line": 13, "column": 43 },
          "end": { "line": 14, "column": 6 }
        }
      },
      "1": {
        "name": "(anonymous_3)",
        "decl": {
          "start": { "line": 16, "column": 9 },
          "end": { "line": 16, "column": 14 }
        },
        "loc": {
          "start": { "line": 16, "column": 37 },
          "end": { "line": 19, "column": 3 }
        }
      },
      "2": {
        "name": "(anonymous_4)",
        "decl": {
          "start": { "line": 21, "column": 9 },
          "end": { "line": 21, "column": 14 }
        },
        "loc": {
          "start": { "line": 21, "column": 37 },
          "end": { "line": 30, "column": 3 }
        }
      },
      "3": {
        "name": "(anonymous_5)",
        "decl": {
          "start": { "line": 32, "column": 10 },
          "end": { "line": 32, "column": 15 }
        },
        "loc": {
          "start": { "line": 32, "column": 40 },
          "end": { "line": 35, "column": 3 }
        }
      }
    },
    "branchMap": {
      "0": {
        "loc": {
          "start": { "line": 24, "column": 4 },
          "end": { "line": 24, "column": 79 }
        },
        "type": "if",
        "locations": [
          {
            "start": { "line": 24, "column": 4 },
            "end": { "line": 24, "column": 79 }
          }
        ]
      },
      "1": {
        "loc": {
          "start": { "line": 26, "column": 4 },
          "end": { "line": 27, "column": 70 }
        },
        "type": "if",
        "locations": [
          {
            "start": { "line": 26, "column": 4 },
            "end": { "line": 27, "column": 70 }
          }
        ]
      }
    },
    "s": {
      "0": 1,
      "1": 1,
      "2": 1,
      "3": 1,
      "4": 5,
      "5": 5,
      "6": 1,
      "7": 1,
      "8": 3,
      "9": 3,
      "10": 1,
      "11": 2,
      "12": 1,
      "13": 1,
      "14": 2,
      "15": 2,
      "16": 1,
      "17": 1
    },
    "f": { "0": 5, "1": 1, "2": 3, "3": 2 },
    "b": { "0": [1], "1": [1] }
  },
  "/Users/vladislavuskiv/Desktop/University/DevOps/test_repo/src/auth/dto/sign-in.dto.ts": {
    "path": "/Users/vladislavuskiv/Desktop/University/DevOps/test_repo/src/auth/dto/sign-in.dto.ts",
    "statementMap": {
      "0": {
        "start": { "line": 1, "column": 0 },
        "end": { "line": 1, "column": 52 }
      },
      "1": {
        "start": { "line": 2, "column": 0 },
        "end": { "line": 2, "column": 62 }
      },
      "2": {
        "start": { "line": 3, "column": 0 },
        "end": { "line": 3, "column": 61 }
      },
      "3": {
        "start": { "line": 5, "column": 0 },
        "end": { "line": 5, "column": 13 }
      },
      "4": {
        "start": { "line": 8, "column": 2 },
        "end": { "line": 8, "column": null }
      },
      "5": {
        "start": { "line": 13, "column": 2 },
        "end": { "line": 13, "column": null }
      }
    },
    "fnMap": {},
    "branchMap": {},
    "s": { "0": 0, "1": 0, "2": 0, "3": 0, "4": 0, "5": 0 },
    "f": {},
    "b": {}
  },
  "/Users/vladislavuskiv/Desktop/University/DevOps/test_repo/src/auth/dto/sign-up.dto.ts": {
    "path": "/Users/vladislavuskiv/Desktop/University/DevOps/test_repo/src/auth/dto/sign-up.dto.ts",
    "statementMap": {
      "0": {
        "start": { "line": 1, "column": 0 },
        "end": { "line": 1, "column": 63 }
      },
      "1": {
        "start": { "line": 2, "column": 0 },
        "end": { "line": 2, "column": 62 }
      },
      "2": {
        "start": { "line": 3, "column": 0 },
        "end": { "line": 3, "column": 73 }
      },
      "3": {
        "start": { "line": 4, "column": 0 },
        "end": { "line": 4, "column": 61 }
      },
      "4": {
        "start": { "line": 6, "column": 0 },
        "end": { "line": 6, "column": 13 }
      },
      "5": {
        "start": { "line": 11, "column": 2 },
        "end": { "line": 11, "column": null }
      },
      "6": {
        "start": { "line": 15, "column": 2 },
        "end": { "line": 15, "column": null }
      },
      "7": {
        "start": { "line": 19, "column": 2 },
        "end": { "line": 19, "column": null }
      }
    },
    "fnMap": {},
    "branchMap": {},
    "s": { "0": 0, "1": 0, "2": 0, "3": 0, "4": 0, "5": 0, "6": 0, "7": 0 },
    "f": {},
    "b": {}
  },
  "/Users/vladislavuskiv/Desktop/University/DevOps/test_repo/src/auth/dto/token.dto.ts": {
    "path": "/Users/vladislavuskiv/Desktop/University/DevOps/test_repo/src/auth/dto/token.dto.ts",
    "statementMap": {
      "0": {
        "start": { "line": 1, "column": 0 },
        "end": { "line": 1, "column": 13 }
      }
    },
    "fnMap": {},
    "branchMap": {},
    "s": { "0": 0 },
    "f": {},
    "b": {}
  },
  "/Users/vladislavuskiv/Desktop/University/DevOps/test_repo/src/common/dto/paginated-response.dto.ts": {
    "path": "/Users/vladislavuskiv/Desktop/University/DevOps/test_repo/src/common/dto/paginated-response.dto.ts",
    "statementMap": {
      "0": {
        "start": { "line": 1, "column": 0 },
        "end": { "line": 1, "column": null }
      },
      "1": {
        "start": { "line": 7, "column": 0 },
        "end": { "line": 7, "column": 55 }
      },
      "2": {
        "start": { "line": 9, "column": 0 },
        "end": { "line": 9, "column": 13 }
      },
      "3": {
        "start": { "line": 11, "column": 2 },
        "end": { "line": 11, "column": null }
      },
      "4": {
        "start": { "line": 14, "column": 2 },
        "end": { "line": 14, "column": null }
      },
      "5": {
        "start": { "line": 17, "column": 2 },
        "end": { "line": 17, "column": null }
      },
      "6": {
        "start": { "line": 20, "column": 2 },
        "end": { "line": 20, "column": null }
      },
      "7": {
        "start": { "line": 23, "column": 2 },
        "end": { "line": 23, "column": null }
      },
      "8": {
        "start": { "line": 26, "column": 0 },
        "end": { "line": 26, "column": 13 }
      },
      "9": {
        "start": { "line": 28, "column": 2 },
        "end": { "line": 28, "column": null }
      },
      "10": {
        "start": { "line": 31, "column": 2 },
        "end": { "line": 31, "column": null }
      },
      "11": {
        "start": { "line": 30, "column": 29 },
        "end": { "line": 30, "column": 50 }
      },
      "12": {
        "start": { "line": 34, "column": 36 },
        "end": { "line": 54, "column": 1 }
      },
      "13": {
        "start": { "line": 35, "column": 2 },
        "end": { "line": 53, "column": 4 }
      },
      "14": {
        "start": { "line": 34, "column": 13 },
        "end": { "line": 34, "column": 36 }
      }
    },
    "fnMap": {
      "0": {
        "name": "(anonymous_2)",
        "decl": {
          "start": { "line": 30, "column": 23 },
          "end": { "line": 30, "column": 26 }
        },
        "loc": {
          "start": { "line": 30, "column": 29 },
          "end": { "line": 30, "column": 50 }
        }
      },
      "1": {
        "name": "(anonymous_3)",
        "decl": {
          "start": { "line": 34, "column": 36 },
          "end": { "line": 34, "column": 58 }
        },
        "loc": {
          "start": { "line": 34, "column": 75 },
          "end": { "line": 54, "column": 1 }
        }
      }
    },
    "branchMap": {},
    "s": {
      "0": 0,
      "1": 0,
      "2": 0,
      "3": 0,
      "4": 0,
      "5": 0,
      "6": 0,
      "7": 0,
      "8": 0,
      "9": 0,
      "10": 0,
      "11": 0,
      "12": 0,
      "13": 0,
      "14": 0
    },
    "f": { "0": 0, "1": 0 },
    "b": {}
  },
  "/Users/vladislavuskiv/Desktop/University/DevOps/test_repo/src/common/dto/pagination.dto.ts": {
    "path": "/Users/vladislavuskiv/Desktop/University/DevOps/test_repo/src/common/dto/pagination.dto.ts",
    "statementMap": {
      "0": {
        "start": { "line": 1, "column": 0 },
        "end": { "line": 1, "column": 72 }
      },
      "1": {
        "start": { "line": 3, "column": 0 },
        "end": { "line": 3, "column": 13 }
      },
      "2": {
        "start": { "line": 7, "column": 2 },
        "end": { "line": 7, "column": null }
      },
      "3": {
        "start": { "line": 12, "column": 2 },
        "end": { "line": 12, "column": null }
      }
    },
    "fnMap": {},
    "branchMap": {},
    "s": { "0": 0, "1": 0, "2": 0, "3": 0 },
    "f": {},
    "b": {}
  },
  "/Users/vladislavuskiv/Desktop/University/DevOps/test_repo/src/common/filters/exception-filters.module.ts": {
    "path": "/Users/vladislavuskiv/Desktop/University/DevOps/test_repo/src/common/filters/exception-filters.module.ts",
    "statementMap": {
      "0": {
        "start": { "line": 1, "column": 0 },
        "end": { "line": 1, "column": 40 }
      },
      "1": {
        "start": { "line": 2, "column": 0 },
        "end": { "line": 2, "column": 42 }
      },
      "2": {
        "start": { "line": 3, "column": 0 },
        "end": { "line": 3, "column": 86 }
      },
      "3": {
        "start": { "line": 8, "column": 7 },
        "end": { "line": 8, "column": null }
      },
      "4": {
        "start": { "line": 8, "column": 13 },
        "end": { "line": 8, "column": 35 }
      },
      "5": {
        "start": { "line": 8, "column": 13 },
        "end": { "line": 8, "column": null }
      }
    },
    "fnMap": {},
    "branchMap": {},
    "s": { "0": 0, "1": 0, "2": 0, "3": 0, "4": 0, "5": 0 },
    "f": {},
    "b": {}
  },
  "/Users/vladislavuskiv/Desktop/University/DevOps/test_repo/src/common/filters/sequelize-exception.filter.ts": {
    "path": "/Users/vladislavuskiv/Desktop/University/DevOps/test_repo/src/common/filters/sequelize-exception.filter.ts",
    "statementMap": {
      "0": {
        "start": { "line": 1, "column": 0 },
        "end": { "line": 1, "column": null }
      },
      "1": {
        "start": { "line": 8, "column": 0 },
        "end": { "line": 8, "column": 52 }
      },
      "2": {
        "start": { "line": 9, "column": 0 },
        "end": { "line": 9, "column": 47 }
      },
      "3": {
        "start": { "line": 12, "column": 7 },
        "end": { "line": 38, "column": null }
      },
      "4": {
        "start": { "line": 15, "column": 31 },
        "end": { "line": 15, "column": 48 }
      },
      "5": {
        "start": { "line": 13, "column": 19 },
        "end": { "line": 13, "column": 67 }
      },
      "6": {
        "start": { "line": 18, "column": 4 },
        "end": { "line": 20, "column": 7 }
      },
      "7": {
        "start": { "line": 22, "column": 28 },
        "end": { "line": 22, "column": 48 }
      },
      "8": {
        "start": { "line": 24, "column": 16 },
        "end": { "line": 24, "column": 35 }
      },
      "9": {
        "start": { "line": 26, "column": 25 },
        "end": { "line": 30, "column": 6 }
      },
      "10": {
        "start": { "line": 32, "column": 4 },
        "end": { "line": 36, "column": 6 }
      },
      "11": {
        "start": { "line": 12, "column": 13 },
        "end": { "line": 12, "column": 37 }
      },
      "12": {
        "start": { "line": 12, "column": 13 },
        "end": { "line": 38, "column": null }
      }
    },
    "fnMap": {
      "0": {
        "name": "(anonymous_2)",
        "decl": {
          "start": { "line": 15, "column": 2 },
          "end": { "line": 15, "column": 31 }
        },
        "loc": {
          "start": { "line": 15, "column": 63 },
          "end": { "line": 15, "column": 67 }
        }
      },
      "1": {
        "name": "(anonymous_3)",
        "decl": {
          "start": { "line": 17, "column": 2 },
          "end": { "line": 17, "column": 7 }
        },
        "loc": {
          "start": { "line": 17, "column": 54 },
          "end": { "line": 37, "column": 3 }
        }
      }
    },
    "branchMap": {},
    "s": {
      "0": 0,
      "1": 0,
      "2": 0,
      "3": 0,
      "4": 0,
      "5": 0,
      "6": 0,
      "7": 0,
      "8": 0,
      "9": 0,
      "10": 0,
      "11": 0,
      "12": 0
    },
    "f": { "0": 0, "1": 0 },
    "b": {}
  },
  "/Users/vladislavuskiv/Desktop/University/DevOps/test_repo/src/common/transformers/trim.transformer.ts": {
    "path": "/Users/vladislavuskiv/Desktop/University/DevOps/test_repo/src/common/transformers/trim.transformer.ts",
    "statementMap": {
      "0": {
        "start": { "line": 1, "column": 0 },
        "end": { "line": 1, "column": 46 }
      },
      "1": {
        "start": { "line": 3, "column": 20 },
        "end": { "line": 10, "column": 1 }
      },
      "2": {
        "start": { "line": 4, "column": 2 },
        "end": { "line": 9, "column": 5 }
      },
      "3": {
        "start": { "line": 5, "column": 4 },
        "end": { "line": 7, "column": 5 }
      },
      "4": {
        "start": { "line": 6, "column": 6 },
        "end": { "line": 6, "column": 26 }
      },
      "5": {
        "start": { "line": 8, "column": 4 },
        "end": { "line": 8, "column": 17 }
      },
      "6": {
        "start": { "line": 3, "column": 13 },
        "end": { "line": 3, "column": 20 }
      }
    },
    "fnMap": {
      "0": {
        "name": "(anonymous_0)",
        "decl": {
          "start": { "line": 3, "column": 20 },
          "end": { "line": 3, "column": 23 }
        },
        "loc": {
          "start": { "line": 3, "column": 25 },
          "end": { "line": 10, "column": 1 }
        }
      },
      "1": {
        "name": "(anonymous_1)",
        "decl": {
          "start": { "line": 4, "column": 19 },
          "end": { "line": 4, "column": 20 }
        },
        "loc": {
          "start": { "line": 4, "column": 33 },
          "end": { "line": 9, "column": 3 }
        }
      }
    },
    "branchMap": {
      "0": {
        "loc": {
          "start": { "line": 5, "column": 4 },
          "end": { "line": 7, "column": 5 }
        },
        "type": "if",
        "locations": [
          {
            "start": { "line": 5, "column": 4 },
            "end": { "line": 7, "column": 5 }
          }
        ]
      }
    },
    "s": { "0": 0, "1": 0, "2": 0, "3": 0, "4": 0, "5": 0, "6": 0 },
    "f": { "0": 0, "1": 0 },
    "b": { "0": [0] }
  },
  "/Users/vladislavuskiv/Desktop/University/DevOps/test_repo/src/common/validators/is-not-blank.ts": {
    "path": "/Users/vladislavuskiv/Desktop/University/DevOps/test_repo/src/common/validators/is-not-blank.ts",
    "statementMap": {
      "0": {
        "start": { "line": 1, "column": 0 },
        "end": { "line": 1, "column": 71 }
      },
      "1": {
        "start": { "line": 3, "column": 26 },
        "end": { "line": 20, "column": 1 }
      },
      "2": {
        "start": { "line": 4, "column": 2 },
        "end": { "line": 19, "column": 4 }
      },
      "3": {
        "start": { "line": 5, "column": 4 },
        "end": { "line": 18, "column": 7 }
      },
      "4": {
        "start": { "line": 12, "column": 10 },
        "end": { "line": 12, "column": 70 }
      },
      "5": {
        "start": { "line": 15, "column": 10 },
        "end": { "line": 15, "column": 44 }
      },
      "6": {
        "start": { "line": 3, "column": 13 },
        "end": { "line": 3, "column": 26 }
      }
    },
    "fnMap": {
      "0": {
        "name": "(anonymous_0)",
        "decl": {
          "start": { "line": 3, "column": 26 },
          "end": { "line": 3, "column": 27 }
        },
        "loc": {
          "start": { "line": 3, "column": 68 },
          "end": { "line": 20, "column": 1 }
        }
      },
      "1": {
        "name": "(anonymous_1)",
        "decl": {
          "start": { "line": 4, "column": 9 },
          "end": { "line": 4, "column": 19 }
        },
        "loc": {
          "start": { "line": 4, "column": 55 },
          "end": { "line": 19, "column": 3 }
        }
      },
      "2": {
        "name": "(anonymous_2)",
        "decl": {
          "start": { "line": 11, "column": 8 },
          "end": { "line": 11, "column": 16 }
        },
        "loc": {
          "start": { "line": 11, "column": 27 },
          "end": { "line": 13, "column": 9 }
        }
      },
      "3": {
        "name": "(anonymous_3)",
        "decl": {
          "start": { "line": 14, "column": 8 },
          "end": { "line": 14, "column": 22 }
        },
        "loc": {
          "start": { "line": 14, "column": 22 },
          "end": { "line": 16, "column": 9 }
        }
      }
    },
    "branchMap": {
      "0": {
        "loc": {
          "start": { "line": 12, "column": 17 },
          "end": { "line": 12, "column": 69 }
        },
        "type": "binary-expr",
        "locations": [
          {
            "start": { "line": 12, "column": 17 },
            "end": { "line": 12, "column": 42 }
          },
          {
            "start": { "line": 12, "column": 46 },
            "end": { "line": 12, "column": 69 }
          }
        ]
      }
    },
    "s": { "0": 0, "1": 0, "2": 0, "3": 0, "4": 0, "5": 0, "6": 0 },
    "f": { "0": 0, "1": 0, "2": 0, "3": 0 },
    "b": { "0": [0, 0] }
  },
  "/Users/vladislavuskiv/Desktop/University/DevOps/test_repo/src/common/validators/is-strong-password.ts": {
    "path": "/Users/vladislavuskiv/Desktop/University/DevOps/test_repo/src/common/validators/is-strong-password.ts",
    "statementMap": {
      "0": {
        "start": { "line": 1, "column": 0 },
        "end": { "line": 1, "column": null }
      },
      "1": {
        "start": { "line": 10, "column": 32 },
        "end": { "line": 34, "column": 1 }
      },
      "2": {
        "start": { "line": 11, "column": 2 },
        "end": { "line": 33, "column": 4 }
      },
      "3": {
        "start": { "line": 12, "column": 4 },
        "end": { "line": 32, "column": 7 }
      },
      "4": {
        "start": { "line": 19, "column": 26 },
        "end": { "line": 19, "column": 44 }
      },
      "5": {
        "start": { "line": 20, "column": 29 },
        "end": { "line": 20, "column": 49 }
      },
      "6": {
        "start": { "line": 21, "column": 28 },
        "end": { "line": 21, "column": 50 }
      },
      "7": {
        "start": { "line": 23, "column": 12 },
        "end": { "line": 23, "column": 68 }
      },
      "8": {
        "start": { "line": 24, "column": 38 },
        "end": { "line": 24, "column": 62 }
      },
      "9": {
        "start": { "line": 26, "column": 10 },
        "end": { "line": 26, "column": 78 }
      },
      "10": {
        "start": { "line": 29, "column": 10 },
        "end": { "line": 29, "column": 40 }
      },
      "11": {
        "start": { "line": 10, "column": 13 },
        "end": { "line": 10, "column": 32 }
      }
    },
    "fnMap": {
      "0": {
        "name": "(anonymous_0)",
        "decl": {
          "start": { "line": 10, "column": 32 },
          "end": { "line": 10, "column": 33 }
        },
        "loc": {
          "start": { "line": 10, "column": 74 },
          "end": { "line": 34, "column": 1 }
        }
      },
      "1": {
        "name": "(anonymous_1)",
        "decl": {
          "start": { "line": 11, "column": 9 },
          "end": { "line": 11, "column": 19 }
        },
        "loc": {
          "start": { "line": 11, "column": 55 },
          "end": { "line": 33, "column": 3 }
        }
      },
      "2": {
        "name": "(anonymous_2)",
        "decl": {
          "start": { "line": 18, "column": 8 },
          "end": { "line": 18, "column": 16 }
        },
        "loc": {
          "start": { "line": 18, "column": 27 },
          "end": { "line": 27, "column": 9 }
        }
      },
      "3": {
        "name": "(anonymous_3)",
        "decl": {
          "start": { "line": 28, "column": 8 },
          "end": { "line": 28, "column": 22 }
        },
        "loc": {
          "start": { "line": 28, "column": 22 },
          "end": { "line": 30, "column": 9 }
        }
      }
    },
    "branchMap": {
      "0": {
        "loc": {
          "start": { "line": 26, "column": 19 },
          "end": { "line": 26, "column": 76 }
        },
        "type": "binary-expr",
        "locations": [
          {
            "start": { "line": 26, "column": 19 },
            "end": { "line": 26, "column": 26 }
          },
          {
            "start": { "line": 26, "column": 30 },
            "end": { "line": 26, "column": 40 }
          },
          {
            "start": { "line": 26, "column": 44 },
            "end": { "line": 26, "column": 53 }
          },
          {
            "start": { "line": 26, "column": 57 },
            "end": { "line": 26, "column": 76 }
          }
        ]
      }
    },
    "s": {
      "0": 0,
      "1": 0,
      "2": 0,
      "3": 0,
      "4": 0,
      "5": 0,
      "6": 0,
      "7": 0,
      "8": 0,
      "9": 0,
      "10": 0,
      "11": 0
    },
    "f": { "0": 0, "1": 0, "2": 0, "3": 0 },
    "b": { "0": [0, 0, 0, 0] }
  },
  "/Users/vladislavuskiv/Desktop/University/DevOps/test_repo/src/core/BaseModel.ts": {
    "path": "/Users/vladislavuskiv/Desktop/University/DevOps/test_repo/src/core/BaseModel.ts",
    "statementMap": {
      "0": {
        "start": { "line": 1, "column": 0 },
        "end": { "line": 1, "column": 45 }
      },
      "1": {
        "start": { "line": 12, "column": 26 },
        "end": { "line": 12, "column": 46 }
      },
      "2": {
        "start": { "line": 13, "column": 27 },
        "end": { "line": 13, "column": 47 }
      },
      "3": {
        "start": { "line": 15, "column": 28 },
        "end": { "line": 18, "column": 6 }
      },
      "4": {
        "start": { "line": 20, "column": 4 },
        "end": { "line": 29, "column": 6 }
      },
      "5": {
        "start": { "line": 33, "column": 4 },
        "end": { "line": 38, "column": 52 }
      },
      "6": {
        "start": { "line": 38, "column": 6 },
        "end": { "line": 38, "column": 52 }
      },
      "7": {
        "start": { "line": 40, "column": 4 },
        "end": { "line": 40, "column": 62 }
      },
      "8": {
        "start": { "line": 5, "column": 0 },
        "end": { "line": 5, "column": 13 }
      }
    },
    "fnMap": {
      "0": {
        "name": "(anonymous_0)",
        "decl": {
          "start": { "line": 9, "column": 9 },
          "end": { "line": 9, "column": 15 }
        },
        "loc": {
          "start": { "line": 10, "column": 68 },
          "end": { "line": 30, "column": 3 }
        }
      },
      "1": {
        "name": "(anonymous_1)",
        "decl": {
          "start": { "line": 32, "column": 9 },
          "end": { "line": 32, "column": 15 }
        },
        "loc": {
          "start": { "line": 32, "column": 58 },
          "end": { "line": 41, "column": 3 }
        }
      }
    },
    "branchMap": {
      "0": {
        "loc": {
          "start": { "line": 10, "column": 4 },
          "end": { "line": 10, "column": 68 }
        },
        "type": "default-arg",
        "locations": [
          {
            "start": { "line": 10, "column": 66 },
            "end": { "line": 10, "column": 68 }
          }
        ]
      },
      "1": {
        "loc": {
          "start": { "line": 12, "column": 26 },
          "end": { "line": 12, "column": 46 }
        },
        "type": "binary-expr",
        "locations": [
          {
            "start": { "line": 12, "column": 26 },
            "end": { "line": 12, "column": 40 }
          },
          {
            "start": { "line": 12, "column": 44 },
            "end": { "line": 12, "column": 46 }
          }
        ]
      },
      "2": {
        "loc": {
          "start": { "line": 13, "column": 27 },
          "end": { "line": 13, "column": 47 }
        },
        "type": "binary-expr",
        "locations": [
          {
            "start": { "line": 13, "column": 27 },
            "end": { "line": 13, "column": 42 }
          },
          {
            "start": { "line": 13, "column": 46 },
            "end": { "line": 13, "column": 47 }
          }
        ]
      },
      "3": {
        "loc": {
          "start": { "line": 32, "column": 41 },
          "end": { "line": 32, "column": 58 }
        },
        "type": "default-arg",
        "locations": [
          {
            "start": { "line": 32, "column": 56 },
            "end": { "line": 32, "column": 58 }
          }
        ]
      },
      "4": {
        "loc": {
          "start": { "line": 33, "column": 4 },
          "end": { "line": 38, "column": 52 }
        },
        "type": "if",
        "locations": [
          {
            "start": { "line": 33, "column": 4 },
            "end": { "line": 38, "column": 52 }
          }
        ]
      },
      "5": {
        "loc": {
          "start": { "line": 34, "column": 6 },
          "end": { "line": 36, "column": 37 }
        },
        "type": "binary-expr",
        "locations": [
          {
            "start": { "line": 34, "column": 6 },
            "end": { "line": 34, "column": 14 }
          },
          {
            "start": { "line": 35, "column": 6 },
            "end": { "line": 35, "column": 34 }
          },
          {
            "start": { "line": 36, "column": 6 },
            "end": { "line": 36, "column": 37 }
          }
        ]
      }
    },
    "s": {
      "0": 3,
      "1": 0,
      "2": 0,
      "3": 0,
      "4": 0,
      "5": 0,
      "6": 0,
      "7": 0,
      "8": 3
    },
    "f": { "0": 0, "1": 0 },
    "b": {
      "0": [0],
      "1": [0, 0],
      "2": [0, 0],
      "3": [0],
      "4": [0],
      "5": [0, 0, 0]
    }
  },
  "/Users/vladislavuskiv/Desktop/University/DevOps/test_repo/src/core/config/sequelize-config.ts": {
    "path": "/Users/vladislavuskiv/Desktop/University/DevOps/test_repo/src/core/config/sequelize-config.ts",
    "statementMap": {
      "0": {
        "start": { "line": 3, "column": 0 },
        "end": { "line": 3, "column": 31 }
      },
      "1": {
        "start": { "line": 4, "column": 0 },
        "end": { "line": 4, "column": 35 }
      },
      "2": {
        "start": { "line": 13, "column": 4 },
        "end": { "line": 13, "column": 15 }
      },
      "3": {
        "start": { "line": 15, "column": 30 },
        "end": { "line": 22, "column": 2 }
      },
      "4": {
        "start": { "line": 24, "column": 25 },
        "end": { "line": 28, "column": 2 }
      },
      "5": {
        "start": { "line": 30, "column": 0 },
        "end": { "line": 30, "column": 34 }
      }
    },
    "fnMap": {},
    "branchMap": {},
    "s": { "0": 0, "1": 0, "2": 0, "3": 0, "4": 0, "5": 0 },
    "f": {},
    "b": {}
  },
  "/Users/vladislavuskiv/Desktop/University/DevOps/test_repo/src/core/config/env/env.module.ts": {
    "path": "/Users/vladislavuskiv/Desktop/University/DevOps/test_repo/src/core/config/env/env.module.ts",
    "statementMap": {
      "0": {
        "start": { "line": 1, "column": 0 },
        "end": { "line": 1, "column": 40 }
      },
      "1": {
        "start": { "line": 2, "column": 0 },
        "end": { "line": 2, "column": 46 }
      },
      "2": {
        "start": { "line": 3, "column": 0 },
        "end": { "line": 3, "column": 44 }
      },
      "3": {
        "start": { "line": 13, "column": 7 },
        "end": { "line": 13, "column": null }
      },
      "4": {
        "start": { "line": 13, "column": 13 },
        "end": { "line": 13, "column": 30 }
      },
      "5": {
        "start": { "line": 13, "column": 13 },
        "end": { "line": 13, "column": null }
      }
    },
    "fnMap": {},
    "branchMap": {},
    "s": { "0": 0, "1": 0, "2": 0, "3": 0, "4": 0, "5": 0 },
    "f": {},
    "b": {}
  },
  "/Users/vladislavuskiv/Desktop/University/DevOps/test_repo/src/core/config/env/env.validation.ts": {
    "path": "/Users/vladislavuskiv/Desktop/University/DevOps/test_repo/src/core/config/env/env.validation.ts",
    "statementMap": {
      "0": {
        "start": { "line": 1, "column": 0 },
        "end": { "line": 1, "column": 49 }
      },
      "1": {
        "start": { "line": 2, "column": 0 },
        "end": { "line": 2, "column": null }
      },
      "2": {
        "start": { "line": 13, "column": 0 },
        "end": { "line": 13, "column": null }
      },
      "3": {
        "start": { "line": 14, "column": 2 },
        "end": { "line": 14, "column": null }
      },
      "4": {
        "start": { "line": 15, "column": 2 },
        "end": { "line": 15, "column": null }
      },
      "5": {
        "start": { "line": 16, "column": 2 },
        "end": { "line": 16, "column": null }
      },
      "6": {
        "start": { "line": 17, "column": 2 },
        "end": { "line": 17, "column": null }
      },
      "7": {
        "start": { "line": 28, "column": 2 },
        "end": { "line": 28, "column": 44 }
      },
      "8": {
        "start": { "line": 36, "column": 2 },
        "end": { "line": 36, "column": 35 }
      },
      "9": {
        "start": { "line": 40, "column": 2 },
        "end": { "line": 40, "column": 29 }
      },
      "10": {
        "start": { "line": 20, "column": 0 },
        "end": { "line": 20, "column": 13 }
      },
      "11": {
        "start": { "line": 25, "column": 2 },
        "end": { "line": 25, "column": null }
      },
      "12": {
        "start": { "line": 28, "column": 2 },
        "end": { "line": 28, "column": null }
      },
      "13": {
        "start": { "line": 32, "column": 2 },
        "end": { "line": 32, "column": null }
      },
      "14": {
        "start": { "line": 36, "column": 2 },
        "end": { "line": 36, "column": null }
      },
      "15": {
        "start": { "line": 40, "column": 2 },
        "end": { "line": 40, "column": null }
      },
      "16": {
        "start": { "line": 45, "column": 2 },
        "end": { "line": 45, "column": null }
      },
      "17": {
        "start": { "line": 50, "column": 2 },
        "end": { "line": 50, "column": null }
      },
      "18": {
        "start": { "line": 54, "column": 2 },
        "end": { "line": 54, "column": null }
      },
      "19": {
        "start": { "line": 58, "column": 2 },
        "end": { "line": 58, "column": null }
      },
      "20": {
        "start": { "line": 62, "column": 2 },
        "end": { "line": 62, "column": null }
      },
      "21": {
        "start": { "line": 65, "column": 24 },
        "end": { "line": 77, "column": 1 }
      },
      "22": {
        "start": { "line": 66, "column": 26 },
        "end": { "line": 68, "column": 4 }
      },
      "23": {
        "start": { "line": 70, "column": 17 },
        "end": { "line": 72, "column": 4 }
      },
      "24": {
        "start": { "line": 74, "column": 2 },
        "end": { "line": 74, "column": 60 }
      },
      "25": {
        "start": { "line": 74, "column": 25 },
        "end": { "line": 74, "column": 60 }
      },
      "26": {
        "start": { "line": 76, "column": 2 },
        "end": { "line": 76, "column": 25 }
      },
      "27": {
        "start": { "line": 65, "column": 13 },
        "end": { "line": 65, "column": 24 }
      }
    },
    "fnMap": {
      "0": {
        "name": "(anonymous_2)",
        "decl": {
          "start": { "line": 13, "column": 0 },
          "end": { "line": 13, "column": 12 }
        },
        "loc": {
          "start": { "line": 13, "column": 23 },
          "end": { "line": 18, "column": 1 }
        }
      },
      "1": {
        "name": "(anonymous_3)",
        "decl": {
          "start": { "line": 20, "column": 0 },
          "end": { "line": 20, "column": 13 }
        },
        "loc": {
          "start": { "line": 20, "column": 0 },
          "end": { "line": 63, "column": 1 }
        }
      },
      "2": {
        "name": "(anonymous_4)",
        "decl": {
          "start": { "line": 65, "column": 24 },
          "end": { "line": 65, "column": 25 }
        },
        "loc": {
          "start": { "line": 65, "column": 60 },
          "end": { "line": 77, "column": 1 }
        }
      }
    },
    "branchMap": {
      "0": {
        "loc": {
          "start": { "line": 13, "column": 12 },
          "end": { "line": 13, "column": null }
        },
        "type": "binary-expr",
        "locations": [
          {
            "start": { "line": 13, "column": 12 },
            "end": { "line": 13, "column": 23 }
          },
          {
            "start": { "line": 13, "column": 23 },
            "end": { "line": 13, "column": null }
          }
        ]
      },
      "1": {
        "loc": {
          "start": { "line": 74, "column": 2 },
          "end": { "line": 74, "column": 60 }
        },
        "type": "if",
        "locations": [
          {
            "start": { "line": 74, "column": 2 },
            "end": { "line": 74, "column": 60 }
          }
        ]
      }
    },
    "s": {
      "0": 0,
      "1": 0,
      "2": 0,
      "3": 0,
      "4": 0,
      "5": 0,
      "6": 0,
      "7": 0,
      "8": 0,
      "9": 0,
      "10": 0,
      "11": 0,
      "12": 0,
      "13": 0,
      "14": 0,
      "15": 0,
      "16": 0,
      "17": 0,
      "18": 0,
      "19": 0,
      "20": 0,
      "21": 0,
      "22": 0,
      "23": 0,
      "24": 0,
      "25": 0,
      "26": 0,
      "27": 0
    },
    "f": { "0": 0, "1": 0, "2": 0 },
    "b": { "0": [0, 0], "1": [0] }
  },
  "/Users/vladislavuskiv/Desktop/University/DevOps/test_repo/src/core/config/env/index.ts": {
    "path": "/Users/vladislavuskiv/Desktop/University/DevOps/test_repo/src/core/config/env/index.ts",
    "statementMap": {
      "0": {
        "start": { "line": 1, "column": 0 },
        "end": { "line": 1, "column": 9 }
      },
      "1": {
        "start": { "line": 4, "column": 44 },
        "end": { "line": 1, "column": 49 }
      },
      "2": {
        "start": { "line": 2, "column": 0 },
        "end": { "line": 2, "column": 9 }
      },
      "3": {
        "start": { "line": 4, "column": 31 },
        "end": { "line": 2, "column": 22 }
      },
      "4": {
        "start": { "line": 4, "column": 9 },
        "end": { "line": 2, "column": 69 }
      }
    },
    "fnMap": {
      "0": {
        "name": "(anonymous_0)",
        "decl": {
          "start": { "line": 4, "column": 44 },
          "end": { "line": 4, "column": 61 }
        },
        "loc": {
          "start": { "line": 4, "column": 44 },
          "end": { "line": 1, "column": 49 }
        }
      },
      "1": {
        "name": "(anonymous_1)",
        "decl": {
          "start": { "line": 4, "column": 31 },
          "end": { "line": 4, "column": 42 }
        },
        "loc": {
          "start": { "line": 4, "column": 31 },
          "end": { "line": 2, "column": 22 }
        }
      },
      "2": {
        "name": "(anonymous_2)",
        "decl": {
          "start": { "line": 4, "column": 9 },
          "end": { "line": 4, "column": 29 }
        },
        "loc": {
          "start": { "line": 4, "column": 9 },
          "end": { "line": 2, "column": 69 }
        }
      }
    },
    "branchMap": {},
    "s": { "0": 0, "1": 0, "2": 0, "3": 0, "4": 0 },
    "f": { "0": 0, "1": 0, "2": 0 },
    "b": {}
  },
  "/Users/vladislavuskiv/Desktop/University/DevOps/test_repo/src/core/constants/api.ts": {
    "path": "/Users/vladislavuskiv/Desktop/University/DevOps/test_repo/src/core/constants/api.ts",
    "statementMap": {
      "0": {
        "start": { "line": 1, "column": 13 },
        "end": { "line": 1, "column": 42 }
      },
      "1": {
        "start": { "line": 2, "column": 13 },
        "end": { "line": 2, "column": 42 }
      }
    },
    "fnMap": {},
    "branchMap": {},
    "s": { "0": 0, "1": 0 },
    "f": {},
    "b": {}
  },
  "/Users/vladislavuskiv/Desktop/University/DevOps/test_repo/src/core/enums/ModelName.ts": {
    "path": "/Users/vladislavuskiv/Desktop/University/DevOps/test_repo/src/core/enums/ModelName.ts",
    "statementMap": {
      "0": {
        "start": { "line": 1, "column": 0 },
        "end": { "line": 1, "column": null }
      },
      "1": {
        "start": { "line": 2, "column": 2 },
        "end": { "line": 2, "column": null }
      },
      "2": {
        "start": { "line": 3, "column": 2 },
        "end": { "line": 3, "column": null }
      }
    },
    "fnMap": {
      "0": {
        "name": "(anonymous_0)",
        "decl": {
          "start": { "line": 1, "column": 0 },
          "end": { "line": 1, "column": 12 }
        },
        "loc": {
          "start": { "line": 1, "column": 21 },
          "end": { "line": 4, "column": 1 }
        }
      }
    },
    "branchMap": {
      "0": {
        "loc": {
          "start": { "line": 1, "column": 12 },
          "end": { "line": 1, "column": null }
        },
        "type": "binary-expr",
        "locations": [
          {
            "start": { "line": 1, "column": 12 },
            "end": { "line": 1, "column": 21 }
          },
          {
            "start": { "line": 1, "column": 21 },
            "end": { "line": 1, "column": null }
          }
        ]
      }
    },
    "s": { "0": 3, "1": 3, "2": 3 },
    "f": { "0": 3 },
    "b": { "0": [3, 3] }
  },
  "/Users/vladislavuskiv/Desktop/University/DevOps/test_repo/src/core/enums/TableName.ts": {
    "path": "/Users/vladislavuskiv/Desktop/University/DevOps/test_repo/src/core/enums/TableName.ts",
    "statementMap": {
      "0": {
        "start": { "line": 1, "column": 0 },
        "end": { "line": 1, "column": null }
      },
      "1": {
        "start": { "line": 2, "column": 2 },
        "end": { "line": 2, "column": null }
      },
      "2": {
        "start": { "line": 3, "column": 2 },
        "end": { "line": 3, "column": null }
      }
    },
    "fnMap": {
      "0": {
        "name": "(anonymous_0)",
        "decl": {
          "start": { "line": 1, "column": 0 },
          "end": { "line": 1, "column": 12 }
        },
        "loc": {
          "start": { "line": 1, "column": 21 },
          "end": { "line": 4, "column": 1 }
        }
      }
    },
    "branchMap": {
      "0": {
        "loc": {
          "start": { "line": 1, "column": 12 },
          "end": { "line": 1, "column": null }
        },
        "type": "binary-expr",
        "locations": [
          {
            "start": { "line": 1, "column": 12 },
            "end": { "line": 1, "column": 21 }
          },
          {
            "start": { "line": 1, "column": 21 },
            "end": { "line": 1, "column": null }
          }
        ]
      }
    },
    "s": { "0": 3, "1": 3, "2": 3 },
    "f": { "0": 3 },
    "b": { "0": [3, 3] }
  },
  "/Users/vladislavuskiv/Desktop/University/DevOps/test_repo/src/core/utils/pick.ts": {
    "path": "/Users/vladislavuskiv/Desktop/University/DevOps/test_repo/src/core/utils/pick.ts",
    "statementMap": {
      "0": {
        "start": { "line": 1, "column": 20 },
        "end": { "line": 16, "column": 1 }
      },
      "1": {
        "start": { "line": 5, "column": 2 },
        "end": { "line": 15, "column": 8 }
      },
      "2": {
        "start": { "line": 9, "column": 10 },
        "end": { "line": 11, "column": 11 }
      },
      "3": {
        "start": { "line": 10, "column": 12 },
        "end": { "line": 10, "column": 35 }
      },
      "4": {
        "start": { "line": 12, "column": 10 },
        "end": { "line": 12, "column": 24 }
      },
      "5": {
        "start": { "line": 1, "column": 13 },
        "end": { "line": 1, "column": 20 }
      }
    },
    "fnMap": {
      "0": {
        "name": "(anonymous_0)",
        "decl": {
          "start": { "line": 1, "column": 20 },
          "end": { "line": 1, "column": null }
        },
        "loc": {
          "start": { "line": 4, "column": 16 },
          "end": { "line": 16, "column": 1 }
        }
      },
      "1": {
        "name": "(anonymous_1)",
        "decl": {
          "start": { "line": 8, "column": 8 },
          "end": { "line": 8, "column": 9 }
        },
        "loc": {
          "start": { "line": 8, "column": 24 },
          "end": { "line": 13, "column": 9 }
        }
      }
    },
    "branchMap": {
      "0": {
        "loc": {
          "start": { "line": 5, "column": 9 },
          "end": { "line": 14, "column": null }
        },
        "type": "cond-expr",
        "locations": [
          {
            "start": { "line": 6, "column": 6 },
            "end": { "line": 6, "column": 9 }
          },
          {
            "start": { "line": 7, "column": 6 },
            "end": { "line": 14, "column": null }
          }
        ]
      },
      "1": {
        "loc": {
          "start": { "line": 5, "column": 9 },
          "end": { "line": 5, "column": 30 }
        },
        "type": "binary-expr",
        "locations": [
          {
            "start": { "line": 5, "column": 9 },
            "end": { "line": 5, "column": 14 }
          },
          {
            "start": { "line": 5, "column": 18 },
            "end": { "line": 5, "column": 30 }
          }
        ]
      },
      "2": {
        "loc": {
          "start": { "line": 9, "column": 10 },
          "end": { "line": 11, "column": 11 }
        },
        "type": "if",
        "locations": [
          {
            "start": { "line": 9, "column": 10 },
            "end": { "line": 11, "column": 11 }
          }
        ]
      }
    },
    "s": { "0": 2, "1": 1, "2": 0, "3": 0, "4": 0, "5": 2 },
    "f": { "0": 1, "1": 0 },
    "b": { "0": [1, 0], "1": [1, 0], "2": [0] }
  },
  "/Users/vladislavuskiv/Desktop/University/DevOps/test_repo/src/database/migrations/20240000000000-uuid-extention.ts": {
    "path": "/Users/vladislavuskiv/Desktop/University/DevOps/test_repo/src/database/migrations/20240000000000-uuid-extention.ts",
    "statementMap": {
      "0": {
        "start": { "line": 3, "column": 0 },
        "end": { "line": 13, "column": 2 }
      },
      "1": {
        "start": { "line": 5, "column": 4 },
        "end": { "line": 7, "column": 6 }
      },
      "2": {
        "start": { "line": 11, "column": 4 },
        "end": { "line": 11, "column": 72 }
      }
    },
    "fnMap": {
      "0": {
        "name": "(anonymous_0)",
        "decl": {
          "start": { "line": 4, "column": 6 },
          "end": { "line": 4, "column": 11 }
        },
        "loc": {
          "start": { "line": 4, "column": 47 },
          "end": { "line": 8, "column": 3 }
        }
      },
      "1": {
        "name": "(anonymous_1)",
        "decl": {
          "start": { "line": 10, "column": 8 },
          "end": { "line": 10, "column": 13 }
        },
        "loc": {
          "start": { "line": 10, "column": 49 },
          "end": { "line": 12, "column": 3 }
        }
      }
    },
    "branchMap": {},
    "s": { "0": 0, "1": 0, "2": 0 },
    "f": { "0": 0, "1": 0 },
    "b": {}
  },
  "/Users/vladislavuskiv/Desktop/University/DevOps/test_repo/src/database/migrations/20240528152534-users.ts": {
    "path": "/Users/vladislavuskiv/Desktop/University/DevOps/test_repo/src/database/migrations/20240528152534-users.ts",
    "statementMap": {
      "0": {
        "start": { "line": 1, "column": 0 },
        "end": { "line": 1, "column": 45 }
      },
      "1": {
        "start": { "line": 4, "column": 23 },
        "end": { "line": 4, "column": 65 }
      },
      "2": {
        "start": { "line": 6, "column": 0 },
        "end": { "line": 59, "column": 2 }
      },
      "3": {
        "start": { "line": 8, "column": 4 },
        "end": { "line": 51, "column": 6 }
      },
      "4": {
        "start": { "line": 9, "column": 6 },
        "end": { "line": 44, "column": 8 }
      },
      "5": {
        "start": { "line": 46, "column": 6 },
        "end": { "line": 50, "column": 9 }
      },
      "6": {
        "start": { "line": 53, "column": 4 },
        "end": { "line": 58, "column": 6 }
      },
      "7": {
        "start": { "line": 54, "column": 6 },
        "end": { "line": 56, "column": 9 }
      },
      "8": {
        "start": { "line": 57, "column": 6 },
        "end": { "line": 57, "column": 71 }
      }
    },
    "fnMap": {
      "0": {
        "name": "(anonymous_0)",
        "decl": {
          "start": { "line": 7, "column": 6 },
          "end": { "line": 7, "column": 11 }
        },
        "loc": {
          "start": { "line": 8, "column": 4 },
          "end": { "line": 51, "column": 6 }
        }
      },
      "1": {
        "name": "(anonymous_1)",
        "decl": {
          "start": { "line": 8, "column": 47 },
          "end": { "line": 8, "column": 52 }
        },
        "loc": {
          "start": { "line": 8, "column": 69 },
          "end": { "line": 51, "column": 5 }
        }
      },
      "2": {
        "name": "(anonymous_2)",
        "decl": {
          "start": { "line": 52, "column": 8 },
          "end": { "line": 52, "column": 13 }
        },
        "loc": {
          "start": { "line": 53, "column": 4 },
          "end": { "line": 58, "column": 6 }
        }
      },
      "3": {
        "name": "(anonymous_3)",
        "decl": {
          "start": { "line": 53, "column": 47 },
          "end": { "line": 53, "column": 52 }
        },
        "loc": {
          "start": { "line": 53, "column": 69 },
          "end": { "line": 58, "column": 5 }
        }
      }
    },
    "branchMap": {},
    "s": {
      "0": 0,
      "1": 0,
      "2": 0,
      "3": 0,
      "4": 0,
      "5": 0,
      "6": 0,
      "7": 0,
      "8": 0
    },
    "f": { "0": 0, "1": 0, "2": 0, "3": 0 },
    "b": {}
  },
  "/Users/vladislavuskiv/Desktop/University/DevOps/test_repo/src/database/migrations/20240528172853-products.ts": {
    "path": "/Users/vladislavuskiv/Desktop/University/DevOps/test_repo/src/database/migrations/20240528172853-products.ts",
    "statementMap": {
      "0": {
        "start": { "line": 1, "column": 0 },
        "end": { "line": 1, "column": 45 }
      },
      "1": {
        "start": { "line": 4, "column": 22 },
        "end": { "line": 4, "column": 56 }
      },
      "2": {
        "start": { "line": 6, "column": 0 },
        "end": { "line": 62, "column": 2 }
      },
      "3": {
        "start": { "line": 8, "column": 4 },
        "end": { "line": 54, "column": 6 }
      },
      "4": {
        "start": { "line": 9, "column": 6 },
        "end": { "line": 46, "column": 8 }
      },
      "5": {
        "start": { "line": 48, "column": 6 },
        "end": { "line": 53, "column": 9 }
      },
      "6": {
        "start": { "line": 56, "column": 4 },
        "end": { "line": 61, "column": 6 }
      },
      "7": {
        "start": { "line": 57, "column": 6 },
        "end": { "line": 59, "column": 9 }
      },
      "8": {
        "start": { "line": 60, "column": 6 },
        "end": { "line": 60, "column": 74 }
      }
    },
    "fnMap": {
      "0": {
        "name": "(anonymous_0)",
        "decl": {
          "start": { "line": 7, "column": 6 },
          "end": { "line": 7, "column": 11 }
        },
        "loc": {
          "start": { "line": 8, "column": 4 },
          "end": { "line": 54, "column": 6 }
        }
      },
      "1": {
        "name": "(anonymous_1)",
        "decl": {
          "start": { "line": 8, "column": 47 },
          "end": { "line": 8, "column": 52 }
        },
        "loc": {
          "start": { "line": 8, "column": 69 },
          "end": { "line": 54, "column": 5 }
        }
      },
      "2": {
        "name": "(anonymous_2)",
        "decl": {
          "start": { "line": 55, "column": 8 },
          "end": { "line": 55, "column": 13 }
        },
        "loc": {
          "start": { "line": 56, "column": 4 },
          "end": { "line": 61, "column": 6 }
        }
      },
      "3": {
        "name": "(anonymous_3)",
        "decl": {
          "start": { "line": 56, "column": 47 },
          "end": { "line": 56, "column": 52 }
        },
        "loc": {
          "start": { "line": 56, "column": 69 },
          "end": { "line": 61, "column": 5 }
        }
      }
    },
    "branchMap": {},
    "s": {
      "0": 0,
      "1": 0,
      "2": 0,
      "3": 0,
      "4": 0,
      "5": 0,
      "6": 0,
      "7": 0,
      "8": 0
    },
    "f": { "0": 0, "1": 0, "2": 0, "3": 0 },
    "b": {}
  },
  "/Users/vladislavuskiv/Desktop/University/DevOps/test_repo/src/database/seeders/1-user.ts": {
    "path": "/Users/vladislavuskiv/Desktop/University/DevOps/test_repo/src/database/seeders/1-user.ts",
    "statementMap": {
      "0": {
        "start": { "line": 1, "column": 0 },
        "end": { "line": 1, "column": 45 }
      },
      "1": {
        "start": { "line": 3, "column": 0 },
        "end": { "line": 3, "column": 33 }
      },
      "2": {
        "start": { "line": 4, "column": 0 },
        "end": { "line": 4, "column": 47 }
      },
      "3": {
        "start": { "line": 7, "column": 15 },
        "end": { "line": 7, "column": 62 }
      },
      "4": {
        "start": { "line": 9, "column": 13 },
        "end": { "line": 13, "column": 2 }
      },
      "5": {
        "start": { "line": 15, "column": 0 },
        "end": { "line": 30, "column": 2 }
      },
      "6": {
        "start": { "line": 17, "column": 15 },
        "end": { "line": 17, "column": 26 }
      },
      "7": {
        "start": { "line": 19, "column": 4 },
        "end": { "line": 22, "column": 6 }
      },
      "8": {
        "start": { "line": 24, "column": 4 },
        "end": { "line": 24, "column": 68 }
      },
      "9": {
        "start": { "line": 27, "column": 4 },
        "end": { "line": 29, "column": 6 }
      }
    },
    "fnMap": {
      "0": {
        "name": "(anonymous_0)",
        "decl": {
          "start": { "line": 16, "column": 6 },
          "end": { "line": 16, "column": 11 }
        },
        "loc": {
          "start": { "line": 16, "column": 47 },
          "end": { "line": 25, "column": 3 }
        }
      },
      "1": {
        "name": "(anonymous_1)",
        "decl": {
          "start": { "line": 26, "column": 8 },
          "end": { "line": 26, "column": 13 }
        },
        "loc": {
          "start": { "line": 27, "column": 4 },
          "end": { "line": 29, "column": 6 }
        }
      }
    },
    "branchMap": {},
    "s": {
      "0": 0,
      "1": 0,
      "2": 0,
      "3": 0,
      "4": 0,
      "5": 0,
      "6": 0,
      "7": 0,
      "8": 0,
      "9": 0
    },
    "f": { "0": 0, "1": 0 },
    "b": {}
  },
  "/Users/vladislavuskiv/Desktop/University/DevOps/test_repo/src/products/products.controller.ts": {
    "path": "/Users/vladislavuskiv/Desktop/University/DevOps/test_repo/src/products/products.controller.ts",
    "statementMap": {
      "0": {
        "start": { "line": 1, "column": 0 },
        "end": { "line": 1, "column": null }
      },
      "1": {
        "start": { "line": 16, "column": 0 },
        "end": { "line": 16, "column": 53 }
      },
      "2": {
        "start": { "line": 17, "column": 0 },
        "end": { "line": 17, "column": 60 }
      },
      "3": {
        "start": { "line": 18, "column": 0 },
        "end": { "line": 18, "column": 60 }
      },
      "4": {
        "start": { "line": 19, "column": 0 },
        "end": { "line": 19, "column": 59 }
      },
      "5": {
        "start": { "line": 21, "column": 0 },
        "end": { "line": 21, "column": null }
      },
      "6": {
        "start": { "line": 25, "column": 0 },
        "end": { "line": 25, "column": 56 }
      },
      "7": {
        "start": { "line": 26, "column": 0 },
        "end": { "line": 26, "column": null }
      },
      "8": {
        "start": { "line": 32, "column": 0 },
        "end": { "line": 32, "column": 46 }
      },
      "9": {
        "start": { "line": 39, "column": 7 },
        "end": { "line": 137, "column": null }
      },
      "10": {
        "start": { "line": 48, "column": 31 },
        "end": { "line": 48, "column": 48 }
      },
      "11": {
        "start": { "line": 40, "column": 19 },
        "end": { "line": 46, "column": 4 }
      },
      "12": {
        "start": { "line": 60, "column": 4 },
        "end": { "line": 63, "column": 43 }
      },
      "13": {
        "start": { "line": 76, "column": 20 },
        "end": { "line": 78, "column": null }
      },
      "14": {
        "start": { "line": 81, "column": 4 },
        "end": { "line": 82, "column": 78 }
      },
      "15": {
        "start": { "line": 82, "column": 6 },
        "end": { "line": 82, "column": 78 }
      },
      "16": {
        "start": { "line": 84, "column": 4 },
        "end": { "line": 84, "column": 33 }
      },
      "17": {
        "start": { "line": 99, "column": 4 },
        "end": { "line": 102, "column": 21 }
      },
      "18": {
        "start": { "line": 120, "column": 4 },
        "end": { "line": 124, "column": 21 }
      },
      "19": {
        "start": { "line": 135, "column": 4 },
        "end": { "line": 135, "column": 42 }
      },
      "20": {
        "start": { "line": 39, "column": 13 },
        "end": { "line": 39, "column": 31 }
      },
      "21": {
        "start": { "line": 57, "column": 15 },
        "end": { "line": 64, "column": null }
      },
      "22": {
        "start": { "line": 73, "column": 15 },
        "end": { "line": 85, "column": null }
      },
      "23": {
        "start": { "line": 96, "column": 15 },
        "end": { "line": 103, "column": null }
      },
      "24": {
        "start": { "line": 116, "column": 15 },
        "end": { "line": 125, "column": null }
      },
      "25": {
        "start": { "line": 134, "column": 15 },
        "end": { "line": 136, "column": null }
      },
      "26": {
        "start": { "line": 39, "column": 13 },
        "end": { "line": 137, "column": null }
      }
    },
    "fnMap": {
      "0": {
        "name": "(anonymous_4)",
        "decl": {
          "start": { "line": 48, "column": 2 },
          "end": { "line": 48, "column": 31 }
        },
        "loc": {
          "start": { "line": 48, "column": 63 },
          "end": { "line": 48, "column": 67 }
        }
      },
      "1": {
        "name": "(anonymous_5)",
        "decl": {
          "start": { "line": 57, "column": 9 },
          "end": { "line": 57, "column": 14 }
        },
        "loc": {
          "start": { "line": 58, "column": 38 },
          "end": { "line": 64, "column": 3 }
        }
      },
      "2": {
        "name": "(anonymous_6)",
        "decl": {
          "start": { "line": 73, "column": 9 },
          "end": { "line": 73, "column": 14 }
        },
        "loc": {
          "start": { "line": 74, "column": 40 },
          "end": { "line": 85, "column": 3 }
        }
      },
      "3": {
        "name": "(anonymous_7)",
        "decl": {
          "start": { "line": 96, "column": 9 },
          "end": { "line": 96, "column": 14 }
        },
        "loc": {
          "start": { "line": 97, "column": 46 },
          "end": { "line": 103, "column": 3 }
        }
      },
      "4": {
        "name": "(anonymous_8)",
        "decl": {
          "start": { "line": 116, "column": 9 },
          "end": { "line": 116, "column": 14 }
        },
        "loc": {
          "start": { "line": 118, "column": 46 },
          "end": { "line": 125, "column": 3 }
        }
      },
      "5": {
        "name": "(anonymous_9)",
        "decl": {
          "start": { "line": 134, "column": 9 },
          "end": { "line": 134, "column": 14 }
        },
        "loc": {
          "start": { "line": 134, "column": 58 },
          "end": { "line": 136, "column": 3 }
        }
      }
    },
    "branchMap": {
      "0": {
        "loc": {
          "start": { "line": 81, "column": 4 },
          "end": { "line": 82, "column": 78 }
        },
        "type": "if",
        "locations": [
          {
            "start": { "line": 81, "column": 4 },
            "end": { "line": 82, "column": 78 }
          }
        ]
      }
    },
    "s": {
      "0": 0,
      "1": 0,
      "2": 0,
      "3": 0,
      "4": 0,
      "5": 0,
      "6": 0,
      "7": 0,
      "8": 0,
      "9": 0,
      "10": 0,
      "11": 0,
      "12": 0,
      "13": 0,
      "14": 0,
      "15": 0,
      "16": 0,
      "17": 0,
      "18": 0,
      "19": 0,
      "20": 0,
      "21": 0,
      "22": 0,
      "23": 0,
      "24": 0,
      "25": 0,
      "26": 0
    },
    "f": { "0": 0, "1": 0, "2": 0, "3": 0, "4": 0, "5": 0 },
    "b": { "0": [0] }
  },
  "/Users/vladislavuskiv/Desktop/University/DevOps/test_repo/src/products/products.module.ts": {
    "path": "/Users/vladislavuskiv/Desktop/University/DevOps/test_repo/src/products/products.module.ts",
    "statementMap": {
      "0": {
        "start": { "line": 1, "column": 0 },
        "end": { "line": 1, "column": 40 }
      },
      "1": {
        "start": { "line": 2, "column": 0 },
        "end": { "line": 2, "column": 53 }
      },
      "2": {
        "start": { "line": 3, "column": 0 },
        "end": { "line": 3, "column": 59 }
      },
      "3": {
        "start": { "line": 9, "column": 7 },
        "end": { "line": 9, "column": null }
      },
[...]
        }
      },
      "2": {
        "name": "(anonymous_3)",
        "decl": {
          "start": { "line": 31, "column": 9 },
          "end": { "line": 31, "column": 14 }
        },
        "loc": {
          "start": { "line": 33, "column": 34 },
          "end": { "line": 44, "column": 3 }
        }
      },
      "3": {
        "name": "(anonymous_4)",
        "decl": {
          "start": { "line": 46, "column": 9 },
          "end": { "line": 46, "column": 14 }
        },
        "loc": {
          "start": { "line": 49, "column": 34 },
          "end": { "line": 64, "column": 3 }
        }
      },
      "4": {
        "name": "(anonymous_5)",
        "decl": {
          "start": { "line": 66, "column": 9 },
          "end": { "line": 66, "column": 14 }
        },
        "loc": {
          "start": { "line": 66, "column": 30 },
          "end": { "line": 73, "column": 3 }
        }
      }
    },
    "branchMap": {
      "0": {
        "loc": {
          "start": { "line": 37, "column": 4 },
          "end": { "line": 40, "column": 8 }
        },
        "type": "if",
        "locations": [
          {
            "start": { "line": 37, "column": 4 },
            "end": { "line": 40, "column": 8 }
          }
        ]
      },
      "1": {
        "loc": {
          "start": { "line": 55, "column": 4 },
          "end": { "line": 56, "column": 79 }
        },
        "type": "if",
        "locations": [
          {
            "start": { "line": 55, "column": 4 },
            "end": { "line": 56, "column": 79 }
          }
        ]
      },
      "2": {
        "loc": {
          "start": { "line": 58, "column": 4 },
          "end": { "line": 61, "column": 8 }
        },
        "type": "if",
        "locations": [
          {
            "start": { "line": 58, "column": 4 },
            "end": { "line": 61, "column": 8 }
          }
        ]
      },
      "3": {
        "loc": {
          "start": { "line": 58, "column": 8 },
          "end": { "line": 58, "column": 75 }
        },
        "type": "binary-expr",
        "locations": [
          {
            "start": { "line": 58, "column": 8 },
            "end": { "line": 58, "column": 12 }
          },
          {
            "start": { "line": 58, "column": 17 },
            "end": { "line": 58, "column": 74 }
          }
        ]
      },
      "4": {
        "loc": {
          "start": { "line": 69, "column": 4 },
          "end": { "line": 70, "column": 79 }
        },
        "type": "if",
        "locations": [
          {
            "start": { "line": 69, "column": 4 },
            "end": { "line": 70, "column": 79 }
          }
        ]
      }
    },
    "s": {
      "0": 1,
      "1": 1,
      "2": 1,
      "3": 1,
      "4": 1,
      "5": 1,
      "6": 2,
      "7": 2,
      "8": 2,
      "9": 1,
      "10": 1,
      "11": 1,
      "12": 3,
      "13": 3,
      "14": 3,
      "15": 1,
      "16": 2,
      "17": 1,
      "18": 1,
      "19": 2,
      "20": 2,
      "21": 1,
      "22": 1,
      "23": 1,
      "24": 1
    },
    "f": { "0": 1, "1": 2, "2": 2, "3": 3, "4": 2 },
    "b": { "0": [1], "1": [1], "2": [1], "3": [2, 2], "4": [1] }
  },
  "/Users/vladislavuskiv/Desktop/University/DevOps/test_repo/src/products/dto/create-product.dto.ts": {
    "path": "/Users/vladislavuskiv/Desktop/University/DevOps/test_repo/src/products/dto/create-product.dto.ts",
    "statementMap": {
      "0": {
        "start": { "line": 1, "column": 0 },
        "end": { "line": 1, "column": 77 }
      },
      "1": {
        "start": { "line": 2, "column": 0 },
        "end": { "line": 2, "column": 62 }
      },
      "2": {
        "start": { "line": 3, "column": 0 },
        "end": { "line": 3, "column": 61 }
      },
      "3": {
        "start": { "line": 5, "column": 0 },
        "end": { "line": 5, "column": 13 }
      },
      "4": {
        "start": { "line": 10, "column": 2 },
        "end": { "line": 10, "column": null }
      },
      "5": {
        "start": { "line": 16, "column": 2 },
        "end": { "line": 16, "column": null }
      },
      "6": {
        "start": { "line": 19, "column": 2 },
        "end": { "line": 19, "column": null }
      },
      "7": {
        "start": { "line": 25, "column": 2 },
        "end": { "line": 25, "column": null }
      }
    },
    "fnMap": {},
    "branchMap": {},
    "s": { "0": 0, "1": 0, "2": 0, "3": 0, "4": 0, "5": 0, "6": 0, "7": 0 },
    "f": {},
    "b": {}
  },
  "/Users/vladislavuskiv/Desktop/University/DevOps/test_repo/src/products/dto/product.dto.ts": {
    "path": "/Users/vladislavuskiv/Desktop/University/DevOps/test_repo/src/products/dto/product.dto.ts",
    "statementMap": {
      "0": {
        "start": { "line": 3, "column": 0 },
        "end": { "line": 3, "column": 13 }
      }
    },
    "fnMap": {},
    "branchMap": {},
    "s": { "0": 0 },
    "f": {},
    "b": {}
  },
  "/Users/vladislavuskiv/Desktop/University/DevOps/test_repo/src/products/dto/update-product.dto.ts": {
    "path": "/Users/vladislavuskiv/Desktop/University/DevOps/test_repo/src/products/dto/update-product.dto.ts",
    "statementMap": {
      "0": {
        "start": { "line": 1, "column": 0 },
        "end": { "line": 1, "column": 46 }
      },
      "1": {
        "start": { "line": 2, "column": 0 },
        "end": { "line": 2, "column": 56 }
      },
      "2": {
        "start": { "line": 4, "column": 0 },
        "end": { "line": 4, "column": 13 }
      }
    },
    "fnMap": {},
    "branchMap": {},
    "s": { "0": 0, "1": 0, "2": 0 },
    "f": {},
    "b": {}
  },
  "/Users/vladislavuskiv/Desktop/University/DevOps/test_repo/src/products/models/product.model.ts": {
    "path": "/Users/vladislavuskiv/Desktop/University/DevOps/test_repo/src/products/models/product.model.ts",
    "statementMap": {
      "0": {
        "start": { "line": 1, "column": 0 },
        "end": { "line": 1, "column": 44 }
      },
      "1": {
        "start": { "line": 2, "column": 0 },
        "end": { "line": 2, "column": 45 }
      },
      "2": {
        "start": { "line": 3, "column": 0 },
        "end": { "line": 3, "column": null }
      },
      "3": {
        "start": { "line": 11, "column": 0 },
        "end": { "line": 11, "column": 45 }
      },
      "4": {
        "start": { "line": 42, "column": 15 },
        "end": { "line": 66, "column": null }
      },
      "5": {
        "start": { "line": 47, "column": 10 },
        "end": { "line": 47, "column": null }
      },
      "6": {
        "start": { "line": 50, "column": 10 },
        "end": { "line": 50, "column": null }
      },
      "7": {
        "start": { "line": 53, "column": 10 },
        "end": { "line": 53, "column": null }
      },
      "8": {
        "start": { "line": 56, "column": 10 },
        "end": { "line": 56, "column": null }
      },
      "9": {
        "start": { "line": 59, "column": 10 },
        "end": { "line": 59, "column": null }
      },
      "10": {
        "start": { "line": 62, "column": 10 },
        "end": { "line": 62, "column": null }
      },
      "11": {
        "start": { "line": 65, "column": 10 },
        "end": { "line": 65, "column": null }
      },
      "12": {
        "start": { "line": 42, "column": 21 },
        "end": { "line": 66, "column": null }
      },
      "13": {
        "start": { "line": 42, "column": 21 },
        "end": { "line": 42, "column": 29 }
      }
    },
    "fnMap": {},
    "branchMap": {},
    "s": {
      "0": 2,
      "1": 2,
      "2": 2,
      "3": 2,
      "4": 2,
      "5": 2,
      "6": 2,
      "7": 2,
      "8": 2,
      "9": 2,
      "10": 2,
      "11": 2,
      "12": 2,
      "13": 2
    },
    "f": {},
    "b": {}
  },
  "/Users/vladislavuskiv/Desktop/University/DevOps/test_repo/src/test/setup.ts": {
    "path": "/Users/vladislavuskiv/Desktop/University/DevOps/test_repo/src/test/setup.ts",
    "statementMap": {
      "0": {
        "start": { "line": 6, "column": 0 },
        "end": { "line": 14, "column": 4 }
      },
      "1": {
        "start": { "line": 6, "column": 38 },
        "end": { "line": 14, "column": 2 }
      },
      "2": {
        "start": { "line": 17, "column": 0 },
        "end": { "line": 25, "column": 4 }
      },
      "3": {
        "start": { "line": 17, "column": 35 },
        "end": { "line": 25, "column": 2 }
      },
      "4": {
        "start": { "line": 1, "column": 0 },
        "end": { "line": 1, "column": 54 }
      },
      "5": {
        "start": { "line": 27, "column": 35 },
        "end": { "line": 33, "column": 1 }
      },
      "6": {
        "start": { "line": 28, "column": 32 },
        "end": { "line": 30, "column": 14 }
      },
      "7": {
        "start": { "line": 32, "column": 2 },
        "end": { "line": 32, "column": 16 }
      },
      "8": {
        "start": { "line": 27, "column": 13 },
        "end": { "line": 27, "column": 35 }
      }
    },
    "fnMap": {
      "0": {
        "name": "(anonymous_0)",
        "decl": {
          "start": { "line": 6, "column": 31 },
          "end": { "line": 6, "column": 34 }
        },
        "loc": {
          "start": { "line": 6, "column": 38 },
          "end": { "line": 14, "column": 2 }
        }
      },
      "1": {
        "name": "(anonymous_1)",
        "decl": {
          "start": { "line": 17, "column": 28 },
          "end": { "line": 17, "column": 31 }
        },
        "loc": {
          "start": { "line": 17, "column": 35 },
          "end": { "line": 25, "column": 2 }
        }
      },
      "2": {
        "name": "(anonymous_2)",
        "decl": {
          "start": { "line": 27, "column": 35 },
          "end": { "line": 27, "column": 40 }
        },
        "loc": {
          "start": { "line": 27, "column": 65 },
          "end": { "line": 33, "column": 1 }
        }
      }
    },
    "branchMap": {
      "0": {
        "loc": {
          "start": { "line": 27, "column": 42 },
          "end": { "line": 27, "column": 61 }
        },
        "type": "default-arg",
        "locations": [
          {
            "start": { "line": 27, "column": 59 },
            "end": { "line": 27, "column": 61 }
          }
        ]
      }
    },
    "s": {
      "0": 0,
      "1": 0,
      "2": 0,
      "3": 0,
      "4": 0,
      "5": 0,
      "6": 0,
      "7": 0,
      "8": 0
    },
    "f": { "0": 0, "1": 0, "2": 0 },
    "b": { "0": [0] }
  },
  "/Users/vladislavuskiv/Desktop/University/DevOps/test_repo/src/users/users.module.ts": {
    "path": "/Users/vladislavuskiv/Desktop/University/DevOps/test_repo/src/users/users.module.ts",
    "statementMap": {
      "0": {
        "start": { "line": 1, "column": 0 },
        "end": { "line": 1, "column": 48 }
      },
      "1": {
        "start": { "line": 2, "column": 0 },
        "end": { "line": 2, "column": 47 }
      },
      "2": {
        "start": { "line": 9, "column": 7 },
        "end": { "line": 9, "column": null }
      },
      "3": {
        "start": { "line": 9, "column": 13 },
        "end": { "line": 9, "column": 24 }
      },
      "4": {
        "start": { "line": 9, "column": 13 },
        "end": { "line": 9, "column": null }
      }
    },
    "fnMap": {},
    "branchMap": {},
    "s": { "0": 0, "1": 0, "2": 0, "3": 0, "4": 0 },
    "f": {},
    "b": {}
  },
  "/Users/vladislavuskiv/Desktop/University/DevOps/test_repo/src/users/users.service.ts": {
    "path": "/Users/vladislavuskiv/Desktop/University/DevOps/test_repo/src/users/users.service.ts",
    "statementMap": {
      "0": {
        "start": { "line": 1, "column": 0 },
        "end": { "line": 1, "column": 65 }
      },
      "1": {
        "start": { "line": 3, "column": 0 },
        "end": { "line": 3, "column": 45 }
      },
      "2": {
        "start": { "line": 5, "column": 0 },
        "end": { "line": 5, "column": 33 }
      },
      "3": {
        "start": { "line": 6, "column": 0 },
        "end": { "line": 6, "column": 47 }
      },
      "4": {
        "start": { "line": 8, "column": 0 },
        "end": { "line": 8, "column": 40 }
      },
      "5": {
        "start": { "line": 11, "column": 7 },
        "end": { "line": 54, "column": null }
      },
      "6": {
        "start": { "line": 13, "column": 21 },
        "end": { "line": 13, "column": 29 }
      },
      "7": {
        "start": { "line": 20, "column": 4 },
        "end": { "line": 20, "column": 51 }
      },
      "8": {
        "start": { "line": 27, "column": 4 },
        "end": { "line": 27, "column": 64 }
      },
      "9": {
        "start": { "line": 34, "column": 22 },
        "end": { "line": 34, "column": 26 }
      },
      "10": {
        "start": { "line": 36, "column": 4 },
        "end": { "line": 39, "column": 8 }
      },
      "11": {
        "start": { "line": 37, "column": 6 },
        "end": { "line": 39, "column": 8 }
      },
      "12": {
        "start": { "line": 41, "column": 4 },
        "end": { "line": 41, "column": 59 }
      },
      "13": {
        "start": { "line": 42, "column": 17 },
        "end": { "line": 42, "column": 40 }
      },
      "14": {
        "start": { "line": 43, "column": 4 },
        "end": { "line": 43, "column": 34 }
      },
      "15": {
        "start": { "line": 47, "column": 4 },
        "end": { "line": 47, "column": 57 }
      },
      "16": {
        "start": { "line": 51, "column": 23 },
        "end": { "line": 51, "column": 72 }
      },
      "17": {
        "start": { "line": 52, "column": 4 },
        "end": { "line": 52, "column": 51 }
      },
      "18": {
        "start": { "line": 11, "column": 13 },
        "end": { "line": 11, "column": 25 }
      },
      "19": {
        "start": { "line": 11, "column": 13 },
        "end": { "line": 54, "column": null }
      }
    },
    "fnMap": {
      "0": {
        "name": "(anonymous_2)",
        "decl": {
          "start": { "line": 12, "column": 2 },
          "end": { "line": 12, "column": null }
        },
        "loc": {
          "start": { "line": 13, "column": 70 },
          "end": { "line": 14, "column": 6 }
        }
      },
      "1": {
        "name": "(anonymous_3)",
        "decl": {
          "start": { "line": 16, "column": 9 },
          "end": { "line": 16, "column": 14 }
        },
        "loc": {
          "start": { "line": 18, "column": 31 },
          "end": { "line": 21, "column": 3 }
        }
      },
      "2": {
        "name": "(anonymous_4)",
        "decl": {
          "start": { "line": 23, "column": 9 },
          "end": { "line": 23, "column": 14 }
        },
        "loc": {
          "start": { "line": 25, "column": 31 },
          "end": { "line": 28, "column": 3 }
        }
      },
      "3": {
        "name": "(anonymous_5)",
        "decl": {
          "start": { "line": 30, "column": 9 },
          "end": { "line": 30, "column": 14 }
        },
        "loc": {
          "start": { "line": 32, "column": 31 },
          "end": { "line": 44, "column": 3 }
        }
      },
      "4": {
        "name": "(anonymous_6)",
        "decl": {
          "start": { "line": 46, "column": 9 },
          "end": { "line": 46, "column": 14 }
        },
        "loc": {
          "start": { "line": 46, "column": 59 },
          "end": { "line": 48, "column": 3 }
        }
      },
      "5": {
        "name": "(anonymous_7)",
        "decl": {
          "start": { "line": 50, "column": 10 },
          "end": { "line": 50, "column": 15 }
        },
        "loc": {
          "start": { "line": 50, "column": 45 },
          "end": { "line": 53, "column": 3 }
        }
      }
    },
    "branchMap": {
      "0": {
        "loc": {
          "start": { "line": 36, "column": 4 },
          "end": { "line": 39, "column": 8 }
        },
        "type": "if",
        "locations": [
          {
            "start": { "line": 36, "column": 4 },
            "end": { "line": 39, "column": 8 }
          }
        ]
      }
    },
    "s": {
      "0": 1,
      "1": 1,
      "2": 1,
      "3": 1,
      "4": 1,
      "5": 1,
      "6": 0,
      "7": 0,
      "8": 0,
      "9": 0,
      "10": 0,
      "11": 0,
      "12": 0,
      "13": 0,
      "14": 0,
      "15": 0,
      "16": 0,
      "17": 0,
      "18": 1,
      "19": 1
    },
    "f": { "0": 0, "1": 0, "2": 0, "3": 0, "4": 0, "5": 0 },
    "b": { "0": [0] }
  },
  "/Users/vladislavuskiv/Desktop/University/DevOps/test_repo/src/users/dto/create-user.dto.ts": {
    "path": "/Users/vladislavuskiv/Desktop/University/DevOps/test_repo/src/users/dto/create-user.dto.ts",
    "statementMap": {
      "0": {
        "start": { "line": 1, "column": 0 },
        "end": { "line": 1, "column": 63 }
      },
      "1": {
        "start": { "line": 2, "column": 0 },
        "end": { "line": 2, "column": 62 }
      },
      "2": {
        "start": { "line": 3, "column": 0 },
        "end": { "line": 3, "column": 73 }
      },
      "3": {
        "start": { "line": 4, "column": 0 },
        "end": { "line": 4, "column": 61 }
      },
      "4": {
        "start": { "line": 6, "column": 0 },
        "end": { "line": 6, "column": 13 }
      },
      "5": {
        "start": { "line": 11, "column": 2 },
        "end": { "line": 11, "column": null }
      },
      "6": {
        "start": { "line": 15, "column": 2 },
        "end": { "line": 15, "column": null }
      },
      "7": {
        "start": { "line": 19, "column": 2 },
        "end": { "line": 19, "column": null }
      }
    },
    "fnMap": {},
    "branchMap": {},
    "s": { "0": 0, "1": 0, "2": 0, "3": 0, "4": 0, "5": 0, "6": 0, "7": 0 },
    "f": {},
    "b": {}
  },
  "/Users/vladislavuskiv/Desktop/University/DevOps/test_repo/src/users/dto/user.dto.ts": {
    "path": "/Users/vladislavuskiv/Desktop/University/DevOps/test_repo/src/users/dto/user.dto.ts",
    "statementMap": {
      "0": {
        "start": { "line": 3, "column": 0 },
        "end": { "line": 3, "column": 13 }
      }
    },
    "fnMap": {},
    "branchMap": {},
    "s": { "0": 0 },
    "f": {},
    "b": {}
  },
  "/Users/vladislavuskiv/Desktop/University/DevOps/test_repo/src/users/models/user.model.ts": {
    "path": "/Users/vladislavuskiv/Desktop/University/DevOps/test_repo/src/users/models/user.model.ts",
    "statementMap": {
      "0": {
        "start": { "line": 1, "column": 0 },
        "end": { "line": 1, "column": 44 }
      },
      "1": {
        "start": { "line": 2, "column": 0 },
        "end": { "line": 2, "column": 45 }
      },
      "2": {
        "start": { "line": 3, "column": 0 },
        "end": { "line": 3, "column": null }
      },
      "3": {
        "start": { "line": 11, "column": 0 },
        "end": { "line": 11, "column": 45 }
      },
      "4": {
        "start": { "line": 36, "column": 15 },
        "end": { "line": 57, "column": null }
      },
      "5": {
        "start": { "line": 41, "column": 10 },
        "end": { "line": 41, "column": null }
      },
      "6": {
        "start": { "line": 44, "column": 10 },
        "end": { "line": 44, "column": null }
      },
      "7": {
        "start": { "line": 47, "column": 10 },
        "end": { "line": 47, "column": null }
      },
      "8": {
        "start": { "line": 50, "column": 10 },
        "end": { "line": 50, "column": null }
      },
      "9": {
        "start": { "line": 53, "column": 10 },
        "end": { "line": 53, "column": null }
      },
      "10": {
        "start": { "line": 56, "column": 10 },
        "end": { "line": 56, "column": null }
      },
      "11": {
        "start": { "line": 36, "column": 21 },
        "end": { "line": 57, "column": null }
      },
      "12": {
        "start": { "line": 36, "column": 21 },
        "end": { "line": 36, "column": 26 }
      }
    },
    "fnMap": {},
    "branchMap": {},
    "s": {
      "0": 2,
      "1": 2,
      "2": 2,
      "3": 2,
      "4": 2,
      "5": 2,
      "6": 2,
      "7": 2,
      "8": 2,
      "9": 2,
      "10": 2,
      "11": 2,
      "12": 2
    },
    "f": {},
    "b": {}
  }
}
