TN:
SF:src/app.module.ts
FN:19,(anonymous_1)
FN:29,(anonymous_2)
FNF:2
FNH:0
FNDA:0,(anonymous_1)
FNDA:0,(anonymous_2)
DA:1,1
DA:2,1
DA:3,1
DA:4,1
DA:5,1
DA:6,1
DA:7,1
DA:8,1
DA:9,1
DA:10,1
DA:11,1
DA:13,1
DA:19,0
DA:29,0
DA:41,1
LF:15
LH:13
BRF:0
BRH:0
end_of_record
TN:
SF:src/main.ts
FN:14,(anonymous_0)
FN:55,(anonymous_1)
FN:60,(anonymous_2)
FNF:3
FNH:0
FNDA:0,(anonymous_0)
FNDA:0,(anonymous_1)
FNDA:0,(anonymous_2)
DA:1,0
DA:2,0
DA:3,0
DA:4,0
DA:5,0
DA:6,0
DA:7,0
DA:8,0
DA:9,0
DA:10,0
DA:12,0
DA:14,0
DA:15,0
DA:17,0
DA:19,0
DA:20,0
DA:21,0
DA:27,0
DA:38,0
DA:40,0
DA:42,0
DA:43,0
DA:48,0
DA:51,0
DA:54,0
DA:55,0
DA:56,0
DA:60,0
LF:28
LH:0
BRDA:42,0,0,0
BRF:1
BRH:0
end_of_record
TN:
SF:src/auth/auth.controller.ts
FN:28,(anonymous_4)
FN:39,(anonymous_5)
FN:50,(anonymous_6)
FN:62,(anonymous_7)
FNF:4
FNH:0
FNDA:0,(anonymous_4)
FNDA:0,(anonymous_5)
FNDA:0,(anonymous_6)
FNDA:0,(anonymous_7)
DA:1,0
DA:11,0
DA:17,0
DA:18,0
DA:20,0
DA:21,0
DA:27,0
DA:28,0
DA:39,0
DA:40,0
DA:50,0
DA:51,0
DA:62,0
DA:63,0
DA:65,0
LF:15
LH:0
BRF:0
BRH:0
end_of_record
TN:
SF:src/auth/auth.guard.ts
FN:15,(anonymous_2)
FN:21,(anonymous_3)
FN:49,(anonymous_4)
FNF:3
FNH:0
FNDA:0,(anonymous_2)
FNDA:0,(anonymous_3)
FNDA:0,(anonymous_4)
DA:1,0
DA:7,0
DA:8,0
DA:10,0
DA:14,0
DA:16,0
DA:17,0
DA:18,0
DA:22,0
DA:23,0
DA:25,0
DA:29,0
DA:30,0
DA:34,0
DA:37,0
DA:38,0
DA:40,0
DA:42,0
DA:44,0
DA:46,0
DA:50,0
DA:51,0
LF:22
LH:0
BRDA:25,0,0,0
BRDA:37,1,0,0
BRDA:37,2,0,0
BRDA:37,2,1,0
BRDA:42,3,0,0
BRDA:50,4,0,0
BRDA:50,4,1,0
BRDA:51,5,0,0
BRDA:51,5,1,0
BRF:9
BRH:0
end_of_record
TN:
SF:src/auth/auth.module.ts
FN:15,(anonymous_1)
FNF:1
FNH:0
FNDA:0,(anonymous_1)
DA:1,0
DA:2,0
DA:3,0
DA:4,0
DA:5,0
DA:15,0
DA:25,0
LF:7
LH:0
BRF:0
BRH:0
end_of_record
TN:
SF:src/auth/auth.service.ts
FN:11,(anonymous_2)
FN:16,(anonymous_3)
FN:21,(anonymous_4)
FN:32,(anonymous_5)
FNF:4
FNH:4
FNDA:5,(anonymous_2)
FNDA:1,(anonymous_3)
FNDA:3,(anonymous_4)
FNDA:2,(anonymous_5)
DA:1,1
DA:3,1
DA:5,1
DA:10,1
DA:12,5
DA:13,5
DA:17,1
DA:18,1
DA:22,3
DA:24,3
DA:26,2
DA:27,1
DA:29,1
DA:33,2
DA:34,2
LF:15
LH:15
BRDA:24,0,0,1
BRDA:26,1,0,1
BRF:2
BRH:2
end_of_record
TN:
SF:src/auth/dto/sign-in.dto.ts
FNF:0
FNH:0
DA:1,0
DA:2,0
DA:3,0
DA:5,0
DA:8,0
DA:13,0
LF:6
LH:0
BRF:0
BRH:0
end_of_record
TN:
SF:src/auth/dto/sign-up.dto.ts
FNF:0
FNH:0
DA:1,0
DA:2,0
DA:3,0
DA:4,0
DA:6,0
DA:11,0
DA:15,0
DA:19,0
LF:8
LH:0
BRF:0
BRH:0
end_of_record
TN:
SF:src/auth/dto/token.dto.ts
FNF:0
FNH:0
DA:1,0
LF:1
LH:0
BRF:0
BRH:0
end_of_record
TN:
SF:src/common/dto/paginated-response.dto.ts
FN:30,(anonymous_2)
FN:34,(anonymous_3)
FNF:2
FNH:0
FNDA:0,(anonymous_2)
FNDA:0,(anonymous_3)
DA:1,0
DA:7,0
DA:9,0
DA:11,0
DA:14,0
DA:17,0
DA:20,0
DA:23,0
DA:26,0
DA:28,0
DA:30,0
DA:31,0
DA:34,0
DA:35,0
LF:14
LH:0
BRF:0
BRH:0
end_of_record
TN:
SF:src/common/dto/pagination.dto.ts
FNF:0
FNH:0
DA:1,0
DA:3,0
DA:7,0
DA:12,0
LF:4
LH:0
BRF:0
BRH:0
end_of_record
TN:
SF:src/common/filters/exception-filters.module.ts
FNF:0
FNH:0
DA:1,0
DA:2,0
DA:3,0
DA:8,0
LF:4
LH:0
BRF:0
BRH:0
end_of_record
TN:
SF:src/common/filters/sequelize-exception.filter.ts
FN:15,(anonymous_2)
FN:17,(anonymous_3)
FNF:2
FNH:0
FNDA:0,(anonymous_2)
FNDA:0,(anonymous_3)
DA:1,0
DA:8,0
DA:9,0
DA:12,0
DA:13,0
DA:15,0
DA:18,0
DA:22,0
DA:24,0
DA:26,0
DA:32,0
LF:11
LH:0
BRF:0
BRH:0
end_of_record
TN:
SF:src/common/transformers/trim.transformer.ts
FN:3,(anonymous_0)
FN:4,(anonymous_1)
FNF:2
FNH:0
FNDA:0,(anonymous_0)
FNDA:0,(anonymous_1)
DA:1,0
DA:3,0
DA:4,0
DA:5,0
DA:6,0
DA:8,0
LF:6
LH:0
BRDA:5,0,0,0
BRF:1
BRH:0
end_of_record
TN:
SF:src/common/validators/is-not-blank.ts
FN:3,(anonymous_0)
FN:4,(anonymous_1)
FN:11,(anonymous_2)
FN:14,(anonymous_3)
FNF:4
FNH:0
FNDA:0,(anonymous_0)
FNDA:0,(anonymous_1)
FNDA:0,(anonymous_2)
FNDA:0,(anonymous_3)
DA:1,0
DA:3,0
DA:4,0
DA:5,0
DA:12,0
DA:15,0
LF:6
LH:0
BRDA:12,0,0,0
BRDA:12,0,1,0
BRF:2
BRH:0
end_of_record
TN:
SF:src/common/validators/is-strong-password.ts
FN:10,(anonymous_0)
FN:11,(anonymous_1)
FN:18,(anonymous_2)
FN:28,(anonymous_3)
FNF:4
FNH:0
FNDA:0,(anonymous_0)
FNDA:0,(anonymous_1)
FNDA:0,(anonymous_2)
FNDA:0,(anonymous_3)
DA:1,0
DA:10,0
DA:11,0
DA:12,0
DA:19,0
DA:20,0
DA:21,0
DA:23,0
DA:24,0
DA:26,0
DA:29,0
LF:11
LH:0
BRDA:26,0,0,0
BRDA:26,0,1,0
BRDA:26,0,2,0
BRDA:26,0,3,0
BRF:4
BRH:0
end_of_record
TN:
SF:src/core/BaseModel.ts
FN:9,(anonymous_0)
FN:32,(anonymous_1)
FNF:2
FNH:0
FNDA:0,(anonymous_0)
FNDA:0,(anonymous_1)
DA:1,3
DA:5,3
DA:12,0
DA:13,0
DA:15,0
DA:20,0
DA:33,0
DA:38,0
DA:40,0
LF:9
LH:2
BRDA:10,0,0,0
BRDA:12,1,0,0
BRDA:12,1,1,0
BRDA:13,2,0,0
BRDA:13,2,1,0
BRDA:32,3,0,0
BRDA:33,4,0,0
BRDA:34,5,0,0
BRDA:34,5,1,0
BRDA:34,5,2,0
BRF:10
BRH:0
end_of_record
TN:
SF:src/core/config/sequelize-config.ts
FNF:0
FNH:0
DA:3,0
DA:4,0
DA:13,0
DA:15,0
DA:24,0
DA:30,0
LF:6
LH:0
BRF:0
BRH:0
end_of_record
TN:
SF:src/core/config/env/env.module.ts
FNF:0
FNH:0
DA:1,0
DA:2,0
DA:3,0
DA:13,0
LF:4
LH:0
BRF:0
BRH:0
end_of_record
TN:
SF:src/core/config/env/env.validation.ts
FN:13,(anonymous_2)
FN:20,(anonymous_3)
FN:65,(anonymous_4)
FNF:3
FNH:0
FNDA:0,(anonymous_2)
FNDA:0,(anonymous_3)
FNDA:0,(anonymous_4)
DA:1,0
DA:2,0
DA:13,0
DA:14,0
DA:15,0
DA:16,0
DA:17,0
DA:20,0
DA:25,0
DA:28,0
DA:32,0
DA:36,0
DA:40,0
DA:45,0
DA:50,0
DA:54,0
DA:58,0
DA:62,0
DA:65,0
DA:66,0
DA:70,0
DA:74,0
DA:76,0
LF:23
LH:0
BRDA:13,0,0,0
BRDA:13,0,1,0
BRDA:74,1,0,0
BRF:3
BRH:0
end_of_record
TN:
SF:src/core/config/env/index.ts
FN:4,(anonymous_0)
FN:4,(anonymous_1)
FN:4,(anonymous_2)
FNF:3
FNH:0
FNDA:0,(anonymous_0)
FNDA:0,(anonymous_1)
FNDA:0,(anonymous_2)
DA:1,0
DA:2,0
DA:4,0
LF:3
LH:0
BRF:0
BRH:0
end_of_record
TN:
SF:src/core/constants/api.ts
FNF:0
FNH:0
DA:1,0
DA:2,0
LF:2
LH:0
BRF:0
BRH:0
end_of_record
TN:
SF:src/core/enums/ModelName.ts
FN:1,(anonymous_0)
FNF:1
FNH:1
FNDA:3,(anonymous_0)
DA:1,3
DA:2,3
DA:3,3
LF:3
LH:3
BRDA:1,0,0,3
BRDA:1,0,1,3
BRF:2
BRH:2
end_of_record
TN:
SF:src/core/enums/TableName.ts
FN:1,(anonymous_0)
FNF:1
FNH:1
FNDA:3,(anonymous_0)
DA:1,3
DA:2,3
DA:3,3
LF:3
LH:3
BRDA:1,0,0,3
BRDA:1,0,1,3
BRF:2
BRH:2
end_of_record
TN:
SF:src/core/utils/pick.ts
FN:1,(anonymous_0)
FN:8,(anonymous_1)
FNF:2
FNH:1
FNDA:1,(anonymous_0)
FNDA:0,(anonymous_1)
DA:1,2
DA:5,1
DA:9,0
DA:10,0
DA:12,0
LF:5
LH:2
BRDA:5,0,0,1
BRDA:5,0,1,0
BRDA:5,1,0,1
BRDA:5,1,1,0
BRDA:9,2,0,0
BRF:5
BRH:2
end_of_record
TN:
SF:src/database/migrations/20240000000000-uuid-extention.ts
FN:4,(anonymous_0)
FN:10,(anonymous_1)
FNF:2
FNH:0
FNDA:0,(anonymous_0)
FNDA:0,(anonymous_1)
DA:3,0
DA:5,0
DA:11,0
LF:3
LH:0
BRF:0
BRH:0
end_of_record
TN:
SF:src/database/migrations/20240528152534-users.ts
FN:7,(anonymous_0)
FN:8,(anonymous_1)
FN:52,(anonymous_2)
FN:53,(anonymous_3)
FNF:4
FNH:0
FNDA:0,(anonymous_0)
FNDA:0,(anonymous_1)
FNDA:0,(anonymous_2)
FNDA:0,(anonymous_3)
DA:1,0
DA:4,0
DA:6,0
DA:8,0
DA:9,0
DA:46,0
DA:53,0
DA:54,0
DA:57,0
LF:9
LH:0
BRF:0
BRH:0
end_of_record
TN:
SF:src/database/migrations/20240528172853-products.ts
FN:7,(anonymous_0)
FN:8,(anonymous_1)
FN:55,(anonymous_2)
FN:56,(anonymous_3)
FNF:4
FNH:0
FNDA:0,(anonymous_0)
FNDA:0,(anonymous_1)
FNDA:0,(anonymous_2)
FNDA:0,(anonymous_3)
DA:1,0
DA:4,0
DA:6,0
DA:8,0
DA:9,0
DA:48,0
DA:56,0
DA:57,0
DA:60,0
LF:9
LH:0
BRF:0
BRH:0
end_of_record
TN:
SF:src/database/seeders/1-user.ts
FN:16,(anonymous_0)
FN:26,(anonymous_1)
FNF:2
FNH:0
FNDA:0,(anonymous_0)
FNDA:0,(anonymous_1)
DA:1,0
DA:3,0
DA:4,0
DA:7,0
DA:9,0
DA:15,0
DA:17,0
DA:19,0
DA:24,0
DA:27,0
LF:10
LH:0
BRF:0
BRH:0
end_of_record
TN:
SF:src/products/products.controller.ts
FN:48,(anonymous_4)
FN:57,(anonymous_5)
FN:73,(anonymous_6)
FN:96,(anonymous_7)
FN:116,(anonymous_8)
FN:134,(anonymous_9)
FN:145,(anonymous_10)
FN:161,(anonymous_11)
FNF:8
FNH:0
FNDA:0,(anonymous_4)
FNDA:0,(anonymous_5)
FNDA:0,(anonymous_6)
FNDA:0,(anonymous_7)
FNDA:0,(anonymous_8)
FNDA:0,(anonymous_9)
FNDA:0,(anonymous_10)
FNDA:0,(anonymous_11)
DA:1,0
DA:16,0
DA:17,0
DA:18,0
DA:19,0
DA:21,0
DA:25,0
DA:26,0
DA:32,0
DA:39,0
DA:40,0
DA:48,0
DA:57,0
DA:60,0
DA:73,0
DA:76,0
DA:81,0
DA:82,0
DA:84,0
DA:96,0
DA:99,0
DA:116,0
DA:120,0
DA:134,0
DA:135,0
DA:145,0
DA:149,0
DA:161,0
DA:162,0
DA:163,0
LF:30
LH:0
BRDA:81,0,0,0
BRF:1
BRH:0
end_of_record
TN:
SF:src/products/products.module.ts
FNF:0
FNH:0
DA:1,0
DA:2,0
DA:3,0
DA:9,0
LF:4
LH:0
BRF:0
BRH:0
end_of_record
TN:
SF:src/products/products.service.ts
FN:17,(anonymous_1)
FN:24,(anonymous_2)
FN:31,(anonymous_3)
FN:46,(anonymous_4)
FN:66,(anonymous_5)
FN:75,(anonymous_6)
FN:87,(anonymous_7)
FNF:7
FNH:7
FNDA:1,(anonymous_1)
FNDA:2,(anonymous_2)
FNDA:2,(anonymous_3)
FNDA:3,(anonymous_4)
FNDA:2,(anonymous_5)
FNDA:1,(anonymous_6)
FNDA:1,(anonymous_7)
DA:1,1
DA:9,1
DA:11,1
DA:13,1
DA:16,1
DA:21,1
DA:28,2
DA:35,2
DA:37,2
DA:38,1
DA:42,1
DA:43,1
DA:51,3
DA:53,3
DA:55,3
DA:56,1
DA:58,2
DA:59,1
DA:63,1
DA:67,2
DA:69,2
DA:70,1
DA:72,1
DA:80,1
DA:88,1
LF:25
LH:25
BRDA:37,0,0,1
BRDA:55,1,0,1
BRDA:58,2,0,1
BRDA:58,3,0,2
BRDA:58,3,1,2
BRDA:69,4,0,1
BRF:6
BRH:6
end_of_record
TN:
SF:src/products/dto/create-product.dto.ts
FNF:0
FNH:0
DA:1,0
DA:2,0
DA:3,0
DA:5,0
DA:10,0
DA:16,0
DA:19,0
DA:25,0
LF:8
LH:0
BRF:0
BRH:0
end_of_record
TN:
SF:src/products/dto/product.dto.ts
FNF:0
FNH:0
DA:3,0
LF:1
LH:0
BRF:0
BRH:0
end_of_record
TN:
SF:src/products/dto/update-product.dto.ts
FNF:0
FNH:0
DA:1,0
DA:2,0
DA:4,0
LF:3
LH:0
BRF:0
BRH:0
end_of_record
TN:
SF:src/products/models/product.model.ts
FNF:0
FNH:0
DA:1,2
DA:2,2
DA:3,2
DA:11,2
DA:41,2
DA:46,2
DA:49,2
DA:52,2
DA:55,2
DA:58,2
DA:61,2
DA:64,2
LF:12
LH:12
BRF:0
BRH:0
end_of_record
TN:
SF:src/test/setup.ts
FN:4,(anonymous_0)
FN:15,(anonymous_1)
FN:25,(anonymous_2)
FNF:3
FNH:0
FNDA:0,(anonymous_0)
FNDA:0,(anonymous_1)
FNDA:0,(anonymous_2)
DA:1,0
DA:4,0
DA:15,0
DA:25,0
DA:26,0
DA:30,0
LF:6
LH:0
BRDA:25,0,0,0
BRF:1
BRH:0
end_of_record
TN:
SF:src/users/users.module.ts
FNF:0
FNH:0
DA:1,0
DA:2,0
DA:9,0
LF:3
LH:0
BRF:0
BRH:0
end_of_record
TN:
SF:src/users/users.service.ts
FN:12,(anonymous_2)
FN:16,(anonymous_3)
FN:23,(anonymous_4)
FN:30,(anonymous_5)
FN:46,(anonymous_6)
FN:50,(anonymous_7)
FNF:6
FNH:0
FNDA:0,(anonymous_2)
FNDA:0,(anonymous_3)
FNDA:0,(anonymous_4)
FNDA:0,(anonymous_5)
FNDA:0,(anonymous_6)
FNDA:0,(anonymous_7)
DA:1,1
DA:3,1
DA:5,1
DA:6,1
DA:8,1
DA:11,1
DA:13,0
DA:20,0
DA:27,0
DA:34,0
DA:36,0
DA:37,0
DA:41,0
DA:42,0
DA:43,0
DA:47,0
DA:51,0
DA:52,0
LF:18
LH:6
BRDA:36,0,0,0
BRF:1
BRH:0
end_of_record
TN:
SF:src/users/dto/create-user.dto.ts
FNF:0
FNH:0
DA:1,0
DA:2,0
DA:3,0
DA:4,0
DA:6,0
DA:11,0
DA:15,0
DA:19,0
LF:8
LH:0
BRF:0
BRH:0
end_of_record
TN:
SF:src/users/dto/user.dto.ts
FNF:0
FNH:0
DA:3,0
LF:1
LH:0
BRF:0
BRH:0
end_of_record
TN:
SF:src/users/models/user.model.ts
FNF:0
FNH:0
DA:1,2
DA:2,2
DA:3,2
DA:11,2
DA:36,2
DA:41,2
DA:44,2
DA:47,2
DA:50,2
DA:53,2
DA:56,2
LF:11
LH:11
BRF:0
BRH:0
end_of_record
